#! /usr/bin/vvp
:ivl_version "10.3 (stable)";
:ivl_delay_selection "TYPICAL";
:vpi_time_precision - 11;
:vpi_module "system";
:vpi_module "vhdl_sys";
:vpi_module "v2005_math";
:vpi_module "va_math";
S_0x55a2a8137200 .scope module, "ELA" "ELA" 2 3;
 .timescale -9 -11;
    .port_info 0 /INPUT 1 "clk"
    .port_info 1 /INPUT 1 "rst"
    .port_info 2 /INPUT 8 "in_data"
    .port_info 3 /INPUT 8 "data_rd"
    .port_info 4 /OUTPUT 1 "req"
    .port_info 5 /OUTPUT 1 "wen"
    .port_info 6 /OUTPUT 10 "addr"
    .port_info 7 /OUTPUT 8 "data_wr"
    .port_info 8 /OUTPUT 1 "done"
P_0x55a2a8135fc0 .param/l "DONE" 0 2 37, C4<101>;
P_0x55a2a8136000 .param/l "EVEN_RD" 0 2 35, C4<011>;
P_0x55a2a8136040 .param/l "EVEN_WR" 0 2 36, C4<100>;
P_0x55a2a8136080 .param/l "IDLE" 0 2 32, C4<000>;
P_0x55a2a81360c0 .param/l "ODD_RD" 0 2 33, C4<001>;
P_0x55a2a8136100 .param/l "ODD_WR" 0 2 34, C4<010>;
L_0x55a2a8134810 .functor AND 1, L_0x55a2a8182500, L_0x55a2a81927c0, C4<1>, C4<1>;
L_0x7fc846f50018 .functor BUFT 1, C4<001>, C4<0>, C4<0>, C4<0>;
v0x55a2a8139020_0 .net/2u *"_s18", 2 0, L_0x7fc846f50018;  1 drivers
v0x55a2a8139120_0 .net *"_s20", 0 0, L_0x55a2a8182500;  1 drivers
v0x55a2a813dd00_0 .net *"_s22", 31 0, L_0x55a2a8182600;  1 drivers
L_0x7fc846f50060 .functor BUFT 1, C4<000000000000000000000000000>, C4<0>, C4<0>, C4<0>;
v0x55a2a813ea30_0 .net *"_s25", 26 0, L_0x7fc846f50060;  1 drivers
L_0x7fc846f500a8 .functor BUFT 1, C4<00000000000000000000000000000000>, C4<0>, C4<0>, C4<0>;
v0x55a2a813ead0_0 .net/2u *"_s26", 31 0, L_0x7fc846f500a8;  1 drivers
v0x55a2a815b890_0 .net *"_s28", 0 0, L_0x55a2a81927c0;  1 drivers
v0x55a2a815b930_0 .net *"_s30", 0 0, L_0x55a2a8134810;  1 drivers
L_0x7fc846f500f0 .functor BUFT 1, C4<01>, C4<0>, C4<0>, C4<0>;
v0x55a2a817fae0_0 .net/2s *"_s32", 1 0, L_0x7fc846f500f0;  1 drivers
L_0x7fc846f50138 .functor BUFT 1, C4<00>, C4<0>, C4<0>, C4<0>;
v0x55a2a817fbc0_0 .net/2s *"_s34", 1 0, L_0x7fc846f50138;  1 drivers
v0x55a2a817fca0_0 .net *"_s36", 1 0, L_0x55a2a8192a20;  1 drivers
v0x55a2a817fd80_0 .net *"_s40", 0 0, L_0x55a2a8192cd0;  1 drivers
v0x55a2a817fe40_0 .net *"_s42", 7 0, L_0x55a2a8192e50;  1 drivers
v0x55a2a817ff20_0 .net *"_s44", 7 0, L_0x55a2a8192f60;  1 drivers
v0x55a2a8180000_0 .net *"_s48", 0 0, L_0x55a2a81931d0;  1 drivers
v0x55a2a81800c0_0 .net *"_s50", 7 0, L_0x55a2a8193370;  1 drivers
v0x55a2a81801a0_0 .net *"_s52", 7 0, L_0x55a2a8193410;  1 drivers
v0x55a2a8180280_0 .net *"_s56", 0 0, L_0x55a2a81936e0;  1 drivers
v0x55a2a8180340_0 .net *"_s58", 7 0, L_0x55a2a81938a0;  1 drivers
v0x55a2a8180420_0 .net *"_s60", 7 0, L_0x55a2a8193940;  1 drivers
L_0x7fc846f50180 .functor BUFT 1, C4<101>, C4<0>, C4<0>, C4<0>;
v0x55a2a8180500_0 .net/2u *"_s64", 2 0, L_0x7fc846f50180;  1 drivers
v0x55a2a81805e0_0 .net *"_s66", 0 0, L_0x55a2a8193c80;  1 drivers
L_0x7fc846f501c8 .functor BUFT 1, C4<01>, C4<0>, C4<0>, C4<0>;
v0x55a2a81806a0_0 .net/2s *"_s68", 1 0, L_0x7fc846f501c8;  1 drivers
L_0x7fc846f50210 .functor BUFT 1, C4<00>, C4<0>, C4<0>, C4<0>;
v0x55a2a8180780_0 .net/2s *"_s70", 1 0, L_0x7fc846f50210;  1 drivers
v0x55a2a8180860_0 .net *"_s72", 1 0, L_0x55a2a8193e60;  1 drivers
v0x55a2a8180be0_0 .array/port v0x55a2a8180be0, 0;
v0x55a2a8180940_0 .net "a", 7 0, v0x55a2a8180be0_0;  1 drivers
v0x55a2a8180a20_0 .var "addr", 9 0;
v0x55a2a8180be0_1 .array/port v0x55a2a8180be0, 1;
v0x55a2a8180b00_0 .net "b", 7 0, v0x55a2a8180be0_1;  1 drivers
v0x55a2a8180be0 .array "buff", 31 0, 7 0;
v0x55a2a8180be0_2 .array/port v0x55a2a8180be0, 2;
v0x55a2a81810a0_0 .net "c", 7 0, v0x55a2a8180be0_2;  1 drivers
o0x7fc846f99b58 .functor BUFZ 1, C4<z>; HiZ drive
v0x55a2a8181180_0 .net "clk", 0 0, o0x7fc846f99b58;  0 drivers
v0x55a2a8181240_0 .var "cnt", 4 0;
v0x55a2a8181320_0 .var "col", 4 0;
v0x55a2a8180be0_3 .array/port v0x55a2a8180be0, 3;
v0x55a2a8181400_0 .net "d", 7 0, v0x55a2a8180be0_3;  1 drivers
v0x55a2a81814e0_0 .net "d1", 7 0, L_0x55a2a81930e0;  1 drivers
v0x55a2a81815c0_0 .net "d2", 7 0, L_0x55a2a8193640;  1 drivers
v0x55a2a81816a0_0 .net "d3", 7 0, L_0x55a2a8193b90;  1 drivers
o0x7fc846f99ca8 .functor BUFZ 8, C4<zzzzzzzz>; HiZ drive
v0x55a2a8181780_0 .net "data_rd", 7 0, o0x7fc846f99ca8;  0 drivers
v0x55a2a8181860_0 .var "data_wr", 7 0;
v0x55a2a8181940_0 .net "done", 0 0, L_0x55a2a8193ff0;  1 drivers
v0x55a2a8180be0_4 .array/port v0x55a2a8180be0, 4;
v0x55a2a8181a00_0 .net "e", 7 0, v0x55a2a8180be0_4;  1 drivers
v0x55a2a8180be0_5 .array/port v0x55a2a8180be0, 5;
v0x55a2a8181ae0_0 .net "f", 7 0, v0x55a2a8180be0_5;  1 drivers
o0x7fc846f99d98 .functor BUFZ 8, C4<zzzzzzzz>; HiZ drive
v0x55a2a8181bc0_0 .net "in_data", 7 0, o0x7fc846f99d98;  0 drivers
v0x55a2a8181ca0_0 .var "next_state", 2 0;
v0x55a2a8181d80_0 .var "out_tmp", 8 0;
v0x55a2a8181e60_0 .net "req", 0 0, L_0x55a2a8192be0;  1 drivers
v0x55a2a8181f20_0 .var "row", 4 0;
o0x7fc846f99e88 .functor BUFZ 1, C4<z>; HiZ drive
v0x55a2a8182000_0 .net "rst", 0 0, o0x7fc846f99e88;  0 drivers
v0x55a2a81820c0_0 .var "state", 2 0;
v0x55a2a81821a0_0 .var "wen", 0 0;
E_0x55a2a81408c0 .event posedge, v0x55a2a8181180_0;
E_0x55a2a81416d0 .event posedge, v0x55a2a8182000_0, v0x55a2a8181180_0;
E_0x55a2a8141820/0 .event edge, v0x55a2a8181320_0, v0x55a2a8180be0_0, v0x55a2a8180be0_1, v0x55a2a8180be0_2;
v0x55a2a8180be0_6 .array/port v0x55a2a8180be0, 6;
E_0x55a2a8141820/1 .event edge, v0x55a2a8180be0_3, v0x55a2a8180be0_4, v0x55a2a8180be0_5, v0x55a2a8180be0_6;
v0x55a2a8180be0_7 .array/port v0x55a2a8180be0, 7;
v0x55a2a8180be0_8 .array/port v0x55a2a8180be0, 8;
v0x55a2a8180be0_9 .array/port v0x55a2a8180be0, 9;
v0x55a2a8180be0_10 .array/port v0x55a2a8180be0, 10;
E_0x55a2a8141820/2 .event edge, v0x55a2a8180be0_7, v0x55a2a8180be0_8, v0x55a2a8180be0_9, v0x55a2a8180be0_10;
v0x55a2a8180be0_11 .array/port v0x55a2a8180be0, 11;
v0x55a2a8180be0_12 .array/port v0x55a2a8180be0, 12;
v0x55a2a8180be0_13 .array/port v0x55a2a8180be0, 13;
v0x55a2a8180be0_14 .array/port v0x55a2a8180be0, 14;
E_0x55a2a8141820/3 .event edge, v0x55a2a8180be0_11, v0x55a2a8180be0_12, v0x55a2a8180be0_13, v0x55a2a8180be0_14;
v0x55a2a8180be0_15 .array/port v0x55a2a8180be0, 15;
v0x55a2a8180be0_16 .array/port v0x55a2a8180be0, 16;
v0x55a2a8180be0_17 .array/port v0x55a2a8180be0, 17;
v0x55a2a8180be0_18 .array/port v0x55a2a8180be0, 18;
E_0x55a2a8141820/4 .event edge, v0x55a2a8180be0_15, v0x55a2a8180be0_16, v0x55a2a8180be0_17, v0x55a2a8180be0_18;
v0x55a2a8180be0_19 .array/port v0x55a2a8180be0, 19;
v0x55a2a8180be0_20 .array/port v0x55a2a8180be0, 20;
v0x55a2a8180be0_21 .array/port v0x55a2a8180be0, 21;
v0x55a2a8180be0_22 .array/port v0x55a2a8180be0, 22;
E_0x55a2a8141820/5 .event edge, v0x55a2a8180be0_19, v0x55a2a8180be0_20, v0x55a2a8180be0_21, v0x55a2a8180be0_22;
v0x55a2a8180be0_23 .array/port v0x55a2a8180be0, 23;
v0x55a2a8180be0_24 .array/port v0x55a2a8180be0, 24;
v0x55a2a8180be0_25 .array/port v0x55a2a8180be0, 25;
v0x55a2a8180be0_26 .array/port v0x55a2a8180be0, 26;
E_0x55a2a8141820/6 .event edge, v0x55a2a8180be0_23, v0x55a2a8180be0_24, v0x55a2a8180be0_25, v0x55a2a8180be0_26;
v0x55a2a8180be0_27 .array/port v0x55a2a8180be0, 27;
v0x55a2a8180be0_28 .array/port v0x55a2a8180be0, 28;
v0x55a2a8180be0_29 .array/port v0x55a2a8180be0, 29;
v0x55a2a8180be0_30 .array/port v0x55a2a8180be0, 30;
E_0x55a2a8141820/7 .event edge, v0x55a2a8180be0_27, v0x55a2a8180be0_28, v0x55a2a8180be0_29, v0x55a2a8180be0_30;
v0x55a2a8180be0_31 .array/port v0x55a2a8180be0, 31;
E_0x55a2a8141820/8 .event edge, v0x55a2a8180be0_31, v0x55a2a81815c0_0, v0x55a2a81814e0_0, v0x55a2a81816a0_0;
E_0x55a2a8141820/9 .event edge, v0x55a2a8180b00_0, v0x55a2a8181a00_0, v0x55a2a8180940_0, v0x55a2a8181ae0_0;
E_0x55a2a8141820/10 .event edge, v0x55a2a81810a0_0, v0x55a2a8181400_0;
E_0x55a2a8141820 .event/or E_0x55a2a8141820/0, E_0x55a2a8141820/1, E_0x55a2a8141820/2, E_0x55a2a8141820/3, E_0x55a2a8141820/4, E_0x55a2a8141820/5, E_0x55a2a8141820/6, E_0x55a2a8141820/7, E_0x55a2a8141820/8, E_0x55a2a8141820/9, E_0x55a2a8141820/10;
E_0x55a2a813ff50 .event edge, v0x55a2a81820c0_0, v0x55a2a8181240_0, v0x55a2a8181320_0, v0x55a2a8181f20_0;
L_0x55a2a8182500 .cmp/eq 3, v0x55a2a81820c0_0, L_0x7fc846f50018;
L_0x55a2a8182600 .concat [ 5 27 0 0], v0x55a2a8181240_0, L_0x7fc846f50060;
L_0x55a2a81927c0 .cmp/eq 32, L_0x55a2a8182600, L_0x7fc846f500a8;
L_0x55a2a8192a20 .functor MUXZ 2, L_0x7fc846f50138, L_0x7fc846f500f0, L_0x55a2a8134810, C4<>;
L_0x55a2a8192be0 .part L_0x55a2a8192a20, 0, 1;
L_0x55a2a8192cd0 .cmp/gt 8, v0x55a2a8180be0_0, v0x55a2a8180be0_5;
L_0x55a2a8192e50 .arith/sub 8, v0x55a2a8180be0_0, v0x55a2a8180be0_5;
L_0x55a2a8192f60 .arith/sub 8, v0x55a2a8180be0_5, v0x55a2a8180be0_0;
L_0x55a2a81930e0 .functor MUXZ 8, L_0x55a2a8192f60, L_0x55a2a8192e50, L_0x55a2a8192cd0, C4<>;
L_0x55a2a81931d0 .cmp/gt 8, v0x55a2a8180be0_1, v0x55a2a8180be0_4;
L_0x55a2a8193370 .arith/sub 8, v0x55a2a8180be0_1, v0x55a2a8180be0_4;
L_0x55a2a8193410 .arith/sub 8, v0x55a2a8180be0_4, v0x55a2a8180be0_1;
L_0x55a2a8193640 .functor MUXZ 8, L_0x55a2a8193410, L_0x55a2a8193370, L_0x55a2a81931d0, C4<>;
L_0x55a2a81936e0 .cmp/gt 8, v0x55a2a8180be0_2, v0x55a2a8180be0_3;
L_0x55a2a81938a0 .arith/sub 8, v0x55a2a8180be0_2, v0x55a2a8180be0_3;
L_0x55a2a8193940 .arith/sub 8, v0x55a2a8180be0_3, v0x55a2a8180be0_2;
L_0x55a2a8193b90 .functor MUXZ 8, L_0x55a2a8193940, L_0x55a2a81938a0, L_0x55a2a81936e0, C4<>;
L_0x55a2a8193c80 .cmp/eq 3, v0x55a2a81820c0_0, L_0x7fc846f50180;
L_0x55a2a8193e60 .functor MUXZ 2, L_0x7fc846f50210, L_0x7fc846f501c8, L_0x55a2a8193c80, C4<>;
L_0x55a2a8193ff0 .part L_0x55a2a8193e60, 0, 1;
    .scope S_0x55a2a8137200;
T_0 ;
    %wait E_0x55a2a81416d0;
    %load/vec4 v0x55a2a8182000_0;
    %flag_set/vec4 8;
    %jmp/0xz  T_0.0, 8;
    %pushi/vec4 0, 0, 3;
    %assign/vec4 v0x55a2a81820c0_0, 0;
    %jmp T_0.1;
T_0.0 ;
    %load/vec4 v0x55a2a8181ca0_0;
    %assign/vec4 v0x55a2a81820c0_0, 0;
T_0.1 ;
    %jmp T_0;
    .thread T_0;
    .scope S_0x55a2a8137200;
T_1 ;
    %wait E_0x55a2a813ff50;
    %load/vec4 v0x55a2a81820c0_0;
    %dup/vec4;
    %pushi/vec4 0, 0, 3;
    %cmp/u;
    %jmp/1 T_1.0, 6;
    %dup/vec4;
    %pushi/vec4 1, 0, 3;
    %cmp/u;
    %jmp/1 T_1.1, 6;
    %dup/vec4;
    %pushi/vec4 2, 0, 3;
    %cmp/u;
    %jmp/1 T_1.2, 6;
    %dup/vec4;
    %pushi/vec4 3, 0, 3;
    %cmp/u;
    %jmp/1 T_1.3, 6;
    %dup/vec4;
    %pushi/vec4 4, 0, 3;
    %cmp/u;
    %jmp/1 T_1.4, 6;
    %dup/vec4;
    %pushi/vec4 5, 0, 3;
    %cmp/u;
    %jmp/1 T_1.5, 6;
    %pushi/vec4 0, 0, 3;
    %store/vec4 v0x55a2a8181ca0_0, 0, 3;
    %jmp T_1.7;
T_1.0 ;
    %pushi/vec4 1, 0, 3;
    %store/vec4 v0x55a2a8181ca0_0, 0, 3;
    %jmp T_1.7;
T_1.1 ;
    %load/vec4 v0x55a2a8181240_0;
    %pad/u 32;
    %cmpi/e 31, 0, 32;
    %jmp/0xz  T_1.8, 4;
    %pushi/vec4 2, 0, 3;
    %store/vec4 v0x55a2a8181ca0_0, 0, 3;
    %jmp T_1.9;
T_1.8 ;
    %pushi/vec4 1, 0, 3;
    %store/vec4 v0x55a2a8181ca0_0, 0, 3;
T_1.9 ;
    %jmp T_1.7;
T_1.2 ;
    %load/vec4 v0x55a2a8181320_0;
    %pad/u 32;
    %cmpi/e 31, 0, 32;
    %jmp/0xz  T_1.10, 4;
    %load/vec4 v0x55a2a8181f20_0;
    %pad/u 32;
    %cmpi/e 30, 0, 32;
    %jmp/0xz  T_1.12, 4;
    %pushi/vec4 3, 0, 3;
    %store/vec4 v0x55a2a8181ca0_0, 0, 3;
    %jmp T_1.13;
T_1.12 ;
    %pushi/vec4 1, 0, 3;
    %store/vec4 v0x55a2a8181ca0_0, 0, 3;
T_1.13 ;
    %jmp T_1.11;
T_1.10 ;
    %pushi/vec4 2, 0, 3;
    %store/vec4 v0x55a2a8181ca0_0, 0, 3;
T_1.11 ;
    %jmp T_1.7;
T_1.3 ;
    %load/vec4 v0x55a2a8181320_0;
    %pad/u 32;
    %pushi/vec4 0, 0, 32;
    %cmp/e;
    %flag_get/vec4 4;
    %load/vec4 v0x55a2a8181240_0;
    %pad/u 32;
    %pushi/vec4 3, 0, 32;
    %cmp/e;
    %flag_get/vec4 4;
    %and;
    %flag_set/vec4 8;
    %jmp/0xz  T_1.14, 8;
    %pushi/vec4 4, 0, 3;
    %store/vec4 v0x55a2a8181ca0_0, 0, 3;
    %jmp T_1.15;
T_1.14 ;
    %load/vec4 v0x55a2a8181320_0;
    %pad/u 32;
    %pushi/vec4 0, 0, 32;
    %cmp/e;
    %flag_get/vec4 4;
    %inv;
    %load/vec4 v0x55a2a8181240_0;
    %pad/u 32;
    %pushi/vec4 1, 0, 32;
    %cmp/e;
    %flag_get/vec4 4;
    %and;
    %flag_set/vec4 8;
    %jmp/0xz  T_1.16, 8;
    %pushi/vec4 4, 0, 3;
    %store/vec4 v0x55a2a8181ca0_0, 0, 3;
    %jmp T_1.17;
T_1.16 ;
    %pushi/vec4 3, 0, 3;
    %store/vec4 v0x55a2a8181ca0_0, 0, 3;
T_1.17 ;
T_1.15 ;
    %jmp T_1.7;
T_1.4 ;
    %load/vec4 v0x55a2a8181320_0;
    %pad/u 32;
    %pushi/vec4 31, 0, 32;
    %cmp/e;
    %flag_get/vec4 4;
    %load/vec4 v0x55a2a8181f20_0;
    %pad/u 32;
    %pushi/vec4 30, 0, 32;
    %cmp/e;
    %flag_get/vec4 4;
    %and;
    %flag_set/vec4 8;
    %jmp/0xz  T_1.18, 8;
    %pushi/vec4 5, 0, 3;
    %store/vec4 v0x55a2a8181ca0_0, 0, 3;
    %jmp T_1.19;
T_1.18 ;
    %pushi/vec4 3, 0, 3;
    %store/vec4 v0x55a2a8181ca0_0, 0, 3;
T_1.19 ;
    %jmp T_1.7;
T_1.5 ;
    %pushi/vec4 5, 0, 3;
    %store/vec4 v0x55a2a8181ca0_0, 0, 3;
    %jmp T_1.7;
T_1.7 ;
    %pop/vec4 1;
    %jmp T_1;
    .thread T_1, $push;
    .scope S_0x55a2a8137200;
T_2 ;
    %wait E_0x55a2a81408c0;
    %load/vec4 v0x55a2a81820c0_0;
    %cmpi/e 1, 0, 3;
    %jmp/0xz  T_2.0, 4;
    %load/vec4 v0x55a2a8181bc0_0;
    %load/vec4 v0x55a2a8181240_0;
    %pad/u 7;
    %ix/vec4 3;
    %ix/load 4, 0, 0; Constant delay
    %assign/vec4/a/d v0x55a2a8180be0, 0, 4;
    %jmp T_2.1;
T_2.0 ;
    %load/vec4 v0x55a2a8181ca0_0;
    %cmpi/e 3, 0, 3;
    %flag_mov 8, 4;
    %load/vec4 v0x55a2a8181ca0_0;
    %cmpi/e 4, 0, 3;
    %flag_or 4, 8;
    %jmp/0xz  T_2.2, 4;
    %load/vec4 v0x55a2a8181320_0;
    %nor/r;
    %flag_set/vec4 8;
    %jmp/0xz  T_2.4, 8;
    %load/vec4 v0x55a2a8181780_0;
    %load/vec4 v0x55a2a8181240_0;
    %pad/u 33;
    %subi 1, 0, 33;
    %ix/vec4 3;
    %ix/load 4, 0, 0; Constant delay
    %assign/vec4/a/d v0x55a2a8180be0, 0, 4;
    %jmp T_2.5;
T_2.4 ;
    %load/vec4 v0x55a2a8181780_0;
    %load/vec4 v0x55a2a8181240_0;
    %pad/u 33;
    %addi 3, 0, 33;
    %ix/vec4 3;
    %ix/load 4, 0, 0; Constant delay
    %assign/vec4/a/d v0x55a2a8180be0, 0, 4;
    %load/vec4 v0x55a2a8181320_0;
    %pad/u 32;
    %pushi/vec4 1, 0, 32;
    %cmp/e;
    %flag_get/vec4 4;
    %inv;
    %load/vec4 v0x55a2a8181240_0;
    %nor/r;
    %and;
    %flag_set/vec4 8;
    %jmp/0xz  T_2.6, 8;
    %ix/load 4, 1, 0;
    %flag_set/imm 4, 0;
    %load/vec4a v0x55a2a8180be0, 4;
    %ix/load 3, 0, 0;
    %flag_set/imm 4, 0;
    %ix/load 4, 0, 0; Constant delay
    %assign/vec4/a/d v0x55a2a8180be0, 0, 4;
    %ix/load 4, 4, 0;
    %flag_set/imm 4, 0;
    %load/vec4a v0x55a2a8180be0, 4;
    %ix/load 3, 1, 0;
    %flag_set/imm 4, 0;
    %ix/load 4, 0, 0; Constant delay
    %assign/vec4/a/d v0x55a2a8180be0, 0, 4;
    %ix/load 4, 3, 0;
    %flag_set/imm 4, 0;
    %load/vec4a v0x55a2a8180be0, 4;
    %ix/load 3, 2, 0;
    %flag_set/imm 4, 0;
    %ix/load 4, 0, 0; Constant delay
    %assign/vec4/a/d v0x55a2a8180be0, 0, 4;
    %ix/load 4, 5, 0;
    %flag_set/imm 4, 0;
    %load/vec4a v0x55a2a8180be0, 4;
    %ix/load 3, 3, 0;
    %flag_set/imm 4, 0;
    %ix/load 4, 0, 0; Constant delay
    %assign/vec4/a/d v0x55a2a8180be0, 0, 4;
T_2.6 ;
T_2.5 ;
T_2.2 ;
T_2.1 ;
    %jmp T_2;
    .thread T_2;
    .scope S_0x55a2a8137200;
T_3 ;
    %wait E_0x55a2a81416d0;
    %load/vec4 v0x55a2a8182000_0;
    %flag_set/vec4 8;
    %jmp/0xz  T_3.0, 8;
    %pushi/vec4 0, 0, 5;
    %assign/vec4 v0x55a2a8181240_0, 0;
    %jmp T_3.1;
T_3.0 ;
    %load/vec4 v0x55a2a81820c0_0;
    %cmpi/e 1, 0, 3;
    %jmp/0xz  T_3.2, 4;
    %load/vec4 v0x55a2a8181240_0;
    %addi 1, 0, 5;
    %assign/vec4 v0x55a2a8181240_0, 0;
    %jmp T_3.3;
T_3.2 ;
    %load/vec4 v0x55a2a81820c0_0;
    %cmpi/e 3, 0, 3;
    %jmp/0xz  T_3.4, 4;
    %load/vec4 v0x55a2a8181240_0;
    %addi 1, 0, 5;
    %assign/vec4 v0x55a2a8181240_0, 0;
    %jmp T_3.5;
T_3.4 ;
    %load/vec4 v0x55a2a81820c0_0;
    %cmpi/e 4, 0, 3;
    %jmp/0xz  T_3.6, 4;
    %pushi/vec4 0, 0, 5;
    %assign/vec4 v0x55a2a8181240_0, 0;
T_3.6 ;
T_3.5 ;
T_3.3 ;
T_3.1 ;
    %jmp T_3;
    .thread T_3;
    .scope S_0x55a2a8137200;
T_4 ;
    %wait E_0x55a2a81416d0;
    %load/vec4 v0x55a2a8182000_0;
    %flag_set/vec4 8;
    %jmp/0xz  T_4.0, 8;
    %pushi/vec4 0, 0, 10;
    %assign/vec4 v0x55a2a8180a20_0, 0;
    %jmp T_4.1;
T_4.0 ;
    %load/vec4 v0x55a2a81820c0_0;
    %cmpi/e 2, 0, 3;
    %jmp/0xz  T_4.2, 4;
    %load/vec4 v0x55a2a8181f20_0;
    %load/vec4 v0x55a2a8181320_0;
    %concat/vec4; draw_concat_vec4
    %assign/vec4 v0x55a2a8180a20_0, 0;
    %jmp T_4.3;
T_4.2 ;
    %load/vec4 v0x55a2a81820c0_0;
    %cmpi/e 3, 0, 3;
    %jmp/0xz  T_4.4, 4;
    %load/vec4 v0x55a2a8181320_0;
    %pad/u 32;
    %cmpi/e 0, 0, 32;
    %jmp/0xz  T_4.6, 4;
    %load/vec4 v0x55a2a8181240_0;
    %pad/u 32;
    %cmpi/e 0, 0, 32;
    %flag_mov 8, 4;
    %load/vec4 v0x55a2a8181240_0;
    %pad/u 32;
    %cmpi/e 1, 0, 32;
    %flag_or 4, 8;
    %jmp/0xz  T_4.8, 4;
    %load/vec4 v0x55a2a8181f20_0;
    %load/vec4 v0x55a2a8181240_0;
    %concat/vec4; draw_concat_vec4
    %assign/vec4 v0x55a2a8180a20_0, 0;
    %jmp T_4.9;
T_4.8 ;
    %load/vec4 v0x55a2a8181f20_0;
    %addi 2, 0, 5;
    %load/vec4 v0x55a2a8181240_0;
    %subi 2, 0, 5;
    %concat/vec4; draw_concat_vec4
    %assign/vec4 v0x55a2a8180a20_0, 0;
T_4.9 ;
    %jmp T_4.7;
T_4.6 ;
    %load/vec4 v0x55a2a8181240_0;
    %pad/u 32;
    %cmpi/e 0, 0, 32;
    %jmp/0xz  T_4.10, 4;
    %load/vec4 v0x55a2a8181f20_0;
    %load/vec4 v0x55a2a8181320_0;
    %addi 1, 0, 5;
    %concat/vec4; draw_concat_vec4
    %assign/vec4 v0x55a2a8180a20_0, 0;
    %jmp T_4.11;
T_4.10 ;
    %load/vec4 v0x55a2a8181f20_0;
    %addi 2, 0, 5;
    %load/vec4 v0x55a2a8181320_0;
    %addi 1, 0, 5;
    %concat/vec4; draw_concat_vec4
    %assign/vec4 v0x55a2a8180a20_0, 0;
T_4.11 ;
T_4.7 ;
    %jmp T_4.5;
T_4.4 ;
    %load/vec4 v0x55a2a81820c0_0;
    %cmpi/e 4, 0, 3;
    %jmp/0xz  T_4.12, 4;
    %load/vec4 v0x55a2a8181f20_0;
    %addi 1, 0, 5;
    %load/vec4 v0x55a2a8181320_0;
    %concat/vec4; draw_concat_vec4
    %assign/vec4 v0x55a2a8180a20_0, 0;
T_4.12 ;
T_4.5 ;
T_4.3 ;
T_4.1 ;
    %jmp T_4;
    .thread T_4;
    .scope S_0x55a2a8137200;
T_5 ;
    %wait E_0x55a2a8141820;
    %load/vec4 v0x55a2a8181320_0;
    %pad/u 32;
    %cmpi/e 0, 0, 32;
    %jmp/0xz  T_5.0, 4;
    %ix/load 4, 0, 0;
    %flag_set/imm 4, 0;
    %load/vec4a v0x55a2a8180be0, 4;
    %pad/u 9;
    %ix/load 4, 1, 0;
    %flag_set/imm 4, 0;
    %load/vec4a v0x55a2a8180be0, 4;
    %pad/u 9;
    %add;
    %store/vec4 v0x55a2a8181d80_0, 0, 9;
    %jmp T_5.1;
T_5.0 ;
    %load/vec4 v0x55a2a8181320_0;
    %pad/u 32;
    %cmpi/e 31, 0, 32;
    %jmp/0xz  T_5.2, 4;
    %ix/load 4, 4, 0;
    %flag_set/imm 4, 0;
    %load/vec4a v0x55a2a8180be0, 4;
    %pad/u 9;
    %ix/load 4, 5, 0;
    %flag_set/imm 4, 0;
    %load/vec4a v0x55a2a8180be0, 4;
    %pad/u 9;
    %add;
    %store/vec4 v0x55a2a8181d80_0, 0, 9;
    %jmp T_5.3;
T_5.2 ;
    %load/vec4 v0x55a2a81815c0_0;
    %load/vec4 v0x55a2a81814e0_0;
    %cmp/u;
    %flag_get/vec4 4;
    %flag_get/vec4 5;
    %or;
    %load/vec4 v0x55a2a81815c0_0;
    %load/vec4 v0x55a2a81816a0_0;
    %cmp/u;
    %flag_get/vec4 4;
    %flag_get/vec4 5;
    %or;
    %and;
    %flag_set/vec4 8;
    %jmp/0xz  T_5.4, 8;
    %load/vec4 v0x55a2a8180b00_0;
    %pad/u 9;
    %load/vec4 v0x55a2a8181a00_0;
    %pad/u 9;
    %add;
    %store/vec4 v0x55a2a8181d80_0, 0, 9;
    %jmp T_5.5;
T_5.4 ;
    %load/vec4 v0x55a2a81814e0_0;
    %load/vec4 v0x55a2a81815c0_0;
    %cmp/u;
    %flag_get/vec4 4;
    %flag_get/vec4 5;
    %or;
    %load/vec4 v0x55a2a81814e0_0;
    %load/vec4 v0x55a2a81816a0_0;
    %cmp/u;
    %flag_get/vec4 4;
    %flag_get/vec4 5;
    %or;
    %and;
    %flag_set/vec4 8;
    %jmp/0xz  T_5.6, 8;
    %load/vec4 v0x55a2a8180940_0;
    %pad/u 9;
    %load/vec4 v0x55a2a8181ae0_0;
    %pad/u 9;
    %add;
    %store/vec4 v0x55a2a8181d80_0, 0, 9;
    %jmp T_5.7;
T_5.6 ;
    %load/vec4 v0x55a2a81810a0_0;
    %pad/u 9;
    %load/vec4 v0x55a2a8181400_0;
    %pad/u 9;
    %add;
    %store/vec4 v0x55a2a8181d80_0, 0, 9;
T_5.7 ;
T_5.5 ;
T_5.3 ;
T_5.1 ;
    %jmp T_5;
    .thread T_5, $push;
    .scope S_0x55a2a8137200;
T_6 ;
    %wait E_0x55a2a81416d0;
    %load/vec4 v0x55a2a81820c0_0;
    %cmpi/e 2, 0, 3;
    %jmp/0xz  T_6.0, 4;
    %load/vec4 v0x55a2a8181320_0;
    %pad/u 7;
    %ix/vec4 4;
    %load/vec4a v0x55a2a8180be0, 4;
    %store/vec4 v0x55a2a8181860_0, 0, 8;
    %pushi/vec4 1, 0, 1;
    %assign/vec4 v0x55a2a81821a0_0, 0;
    %jmp T_6.1;
T_6.0 ;
    %load/vec4 v0x55a2a81820c0_0;
    %cmpi/e 4, 0, 3;
    %jmp/0xz  T_6.2, 4;
    %pushi/vec4 1, 0, 1;
    %assign/vec4 v0x55a2a81821a0_0, 0;
    %load/vec4 v0x55a2a8181d80_0;
    %parti/s 8, 1, 2;
    %assign/vec4 v0x55a2a8181860_0, 0;
    %jmp T_6.3;
T_6.2 ;
    %pushi/vec4 0, 0, 1;
    %assign/vec4 v0x55a2a81821a0_0, 0;
T_6.3 ;
T_6.1 ;
    %jmp T_6;
    .thread T_6;
    .scope S_0x55a2a8137200;
T_7 ;
    %wait E_0x55a2a81408c0;
    %load/vec4 v0x55a2a8182000_0;
    %flag_set/vec4 8;
    %jmp/0xz  T_7.0, 8;
    %pushi/vec4 0, 0, 5;
    %assign/vec4 v0x55a2a8181f20_0, 0;
    %pushi/vec4 0, 0, 5;
    %assign/vec4 v0x55a2a8181320_0, 0;
    %jmp T_7.1;
T_7.0 ;
    %load/vec4 v0x55a2a81820c0_0;
    %cmpi/e 1, 0, 3;
    %flag_mov 8, 4;
    %load/vec4 v0x55a2a81820c0_0;
    %cmpi/e 2, 0, 3;
    %flag_or 4, 8;
    %jmp/0xz  T_7.2, 4;
    %load/vec4 v0x55a2a8181320_0;
    %pad/u 32;
    %pushi/vec4 31, 0, 32;
    %cmp/e;
    %flag_get/vec4 4;
    %load/vec4 v0x55a2a81820c0_0;
    %pushi/vec4 2, 0, 3;
    %cmp/e;
    %flag_get/vec4 4;
    %and;
    %flag_set/vec4 8;
    %jmp/0xz  T_7.4, 8;
    %load/vec4 v0x55a2a8181f20_0;
    %addi 2, 0, 5;
    %assign/vec4 v0x55a2a8181f20_0, 0;
T_7.4 ;
    %load/vec4 v0x55a2a8181320_0;
    %addi 1, 0, 5;
    %assign/vec4 v0x55a2a8181320_0, 0;
    %jmp T_7.3;
T_7.2 ;
    %load/vec4 v0x55a2a81820c0_0;
    %cmpi/e 4, 0, 3;
    %jmp/0xz  T_7.6, 4;
    %load/vec4 v0x55a2a8181320_0;
    %pad/u 32;
    %cmpi/e 31, 0, 32;
    %jmp/0xz  T_7.8, 4;
    %load/vec4 v0x55a2a8181f20_0;
    %addi 2, 0, 5;
    %assign/vec4 v0x55a2a8181f20_0, 0;
T_7.8 ;
    %load/vec4 v0x55a2a8181320_0;
    %addi 1, 0, 5;
    %assign/vec4 v0x55a2a8181320_0, 0;
T_7.6 ;
T_7.3 ;
T_7.1 ;
    %jmp T_7;
    .thread T_7;
# The file index is used to find the file name in the following table.
:file_names 3;
    "N/A";
    "<interactive>";
    "ELA.v";
