#! /usr/bin/vvp
:ivl_version "10.3 (stable)";
:ivl_delay_selection "TYPICAL";
:vpi_time_precision - 11;
:vpi_module "system";
:vpi_module "vhdl_sys";
:vpi_module "v2005_math";
:vpi_module "va_math";
S_0x556d5b4ae330 .scope module, "ELA" "ELA" 2 3;
 .timescale -9 -11;
    .port_info 0 /INPUT 1 "clk"
    .port_info 1 /INPUT 1 "rst"
    .port_info 2 /INPUT 1 "ready"
    .port_info 3 /INPUT 8 "in_data"
    .port_info 4 /INPUT 8 "data_rd"
    .port_info 5 /OUTPUT 1 "req"
    .port_info 6 /OUTPUT 1 "wen"
    .port_info 7 /OUTPUT 13 "addr"
    .port_info 8 /OUTPUT 8 "data_wr"
    .port_info 9 /OUTPUT 1 "done"
P_0x556d5b4a7270 .param/l "DONE" 0 2 39, C4<100>;
P_0x556d5b4a72b0 .param/l "EVEN_RD" 0 2 37, C4<010>;
P_0x556d5b4a72f0 .param/l "EVEN_WR" 0 2 38, C4<011>;
P_0x556d5b4a7330 .param/l "IDLE" 0 2 35, C4<000>;
P_0x556d5b4a7370 .param/l "ODD_RD_WR" 0 2 36, C4<001>;
L_0x556d5b507630 .functor AND 1, L_0x556d5b4f7200, L_0x556d5b5074c0, C4<1>, C4<1>;
L_0x7f0623b77018 .functor BUFT 1, C4<001>, C4<0>, C4<0>, C4<0>;
v0x556d5b4b0150_0 .net/2u *"_s18", 2 0, L_0x7f0623b77018;  1 drivers
v0x556d5b4b0250_0 .net *"_s20", 0 0, L_0x556d5b4f7200;  1 drivers
v0x556d5b4b4620_0 .net *"_s22", 31 0, L_0x556d5b4f7300;  1 drivers
L_0x7f0623b77060 .functor BUFT 1, C4<000000000000000000000000000000>, C4<0>, C4<0>, C4<0>;
v0x556d5b4b5010_0 .net *"_s25", 29 0, L_0x7f0623b77060;  1 drivers
L_0x7f0623b770a8 .functor BUFT 1, C4<00000000000000000000000000000000>, C4<0>, C4<0>, C4<0>;
v0x556d5b4b50b0_0 .net/2u *"_s26", 31 0, L_0x7f0623b770a8;  1 drivers
v0x556d5b4d09f0_0 .net *"_s28", 0 0, L_0x556d5b5074c0;  1 drivers
v0x556d5b4d0a90_0 .net *"_s30", 0 0, L_0x556d5b507630;  1 drivers
L_0x7f0623b770f0 .functor BUFT 1, C4<01>, C4<0>, C4<0>, C4<0>;
v0x556d5b4f4690_0 .net/2s *"_s32", 1 0, L_0x7f0623b770f0;  1 drivers
L_0x7f0623b77138 .functor BUFT 1, C4<00>, C4<0>, C4<0>, C4<0>;
v0x556d5b4f4770_0 .net/2s *"_s34", 1 0, L_0x7f0623b77138;  1 drivers
v0x556d5b4f4850_0 .net *"_s36", 1 0, L_0x556d5b507790;  1 drivers
v0x556d5b4f4930_0 .net *"_s40", 0 0, L_0x556d5b507a40;  1 drivers
v0x556d5b4f49f0_0 .net *"_s42", 7 0, L_0x556d5b507bc0;  1 drivers
v0x556d5b4f4ad0_0 .net *"_s44", 7 0, L_0x556d5b507cd0;  1 drivers
v0x556d5b4f4bb0_0 .net *"_s48", 0 0, L_0x556d5b507f40;  1 drivers
v0x556d5b4f4c70_0 .net *"_s50", 7 0, L_0x556d5b5080e0;  1 drivers
v0x556d5b4f4d50_0 .net *"_s52", 7 0, L_0x556d5b508180;  1 drivers
v0x556d5b4f4e30_0 .net *"_s56", 0 0, L_0x556d5b508450;  1 drivers
v0x556d5b4f4ef0_0 .net *"_s58", 7 0, L_0x556d5b508610;  1 drivers
v0x556d5b4f4fd0_0 .net *"_s60", 7 0, L_0x556d5b5086b0;  1 drivers
L_0x7f0623b77180 .functor BUFT 1, C4<100>, C4<0>, C4<0>, C4<0>;
v0x556d5b4f50b0_0 .net/2u *"_s64", 2 0, L_0x7f0623b77180;  1 drivers
v0x556d5b4f5190_0 .net *"_s66", 0 0, L_0x556d5b5089f0;  1 drivers
L_0x7f0623b771c8 .functor BUFT 1, C4<01>, C4<0>, C4<0>, C4<0>;
v0x556d5b4f5250_0 .net/2s *"_s68", 1 0, L_0x7f0623b771c8;  1 drivers
L_0x7f0623b77210 .functor BUFT 1, C4<00>, C4<0>, C4<0>, C4<0>;
v0x556d5b4f5330_0 .net/2s *"_s70", 1 0, L_0x7f0623b77210;  1 drivers
v0x556d5b4f5410_0 .net *"_s72", 1 0, L_0x556d5b508bd0;  1 drivers
v0x556d5b4f5790_0 .array/port v0x556d5b4f5790, 0;
v0x556d5b4f54f0_0 .net "a", 7 0, v0x556d5b4f5790_0;  1 drivers
v0x556d5b4f55d0_0 .var "addr", 12 0;
v0x556d5b4f5790_1 .array/port v0x556d5b4f5790, 1;
v0x556d5b4f56b0_0 .net "b", 7 0, v0x556d5b4f5790_1;  1 drivers
v0x556d5b4f5790 .array "buff", 31 0, 7 0;
v0x556d5b4f5790_4 .array/port v0x556d5b4f5790, 4;
v0x556d5b4f5c50_0 .net "c", 7 0, v0x556d5b4f5790_4;  1 drivers
o0x7f0623bc0b58 .functor BUFZ 1, C4<z>; HiZ drive
v0x556d5b4f5d30_0 .net "clk", 0 0, o0x7f0623bc0b58;  0 drivers
v0x556d5b4f5df0_0 .var "cnt", 1 0;
v0x556d5b4f5ed0_0 .var "col", 6 0;
v0x556d5b4f5790_2 .array/port v0x556d5b4f5790, 2;
v0x556d5b4f5fb0_0 .net "d", 7 0, v0x556d5b4f5790_2;  1 drivers
v0x556d5b4f6090_0 .net "d1", 7 0, L_0x556d5b507e50;  1 drivers
v0x556d5b4f6170_0 .net "d2", 7 0, L_0x556d5b5083b0;  1 drivers
v0x556d5b4f6250_0 .net "d3", 7 0, L_0x556d5b508900;  1 drivers
o0x7f0623bc0ca8 .functor BUFZ 8, C4<zzzzzzzz>; HiZ drive
v0x556d5b4f6330_0 .net "data_rd", 7 0, o0x7f0623bc0ca8;  0 drivers
v0x556d5b4f6410_0 .var "data_wr", 7 0;
v0x556d5b4f64f0_0 .net "done", 0 0, L_0x556d5b508d60;  1 drivers
v0x556d5b4f5790_3 .array/port v0x556d5b4f5790, 3;
v0x556d5b4f65b0_0 .net "e", 7 0, v0x556d5b4f5790_3;  1 drivers
v0x556d5b4f5790_5 .array/port v0x556d5b4f5790, 5;
v0x556d5b4f6690_0 .net "f", 7 0, v0x556d5b4f5790_5;  1 drivers
o0x7f0623bc0d98 .functor BUFZ 8, C4<zzzzzzzz>; HiZ drive
v0x556d5b4f6770_0 .net "in_data", 7 0, o0x7f0623bc0d98;  0 drivers
v0x556d5b4f6850_0 .var "next_state", 2 0;
v0x556d5b4f6930_0 .var "out_tmp", 8 0;
o0x7f0623bc0e28 .functor BUFZ 1, C4<z>; HiZ drive
v0x556d5b4f6a10_0 .net "ready", 0 0, o0x7f0623bc0e28;  0 drivers
v0x556d5b4f6ad0_0 .net "req", 0 0, L_0x556d5b507950;  1 drivers
v0x556d5b4f6b90_0 .var "row", 5 0;
o0x7f0623bc0eb8 .functor BUFZ 1, C4<z>; HiZ drive
v0x556d5b4f6c70_0 .net "rst", 0 0, o0x7f0623bc0eb8;  0 drivers
v0x556d5b4f6d30_0 .var "state", 2 0;
v0x556d5b4f6e10_0 .var "wen", 0 0;
E_0x556d5b4b7b20 .event posedge, v0x556d5b4f6c70_0, v0x556d5b4f5d30_0;
E_0x556d5b4b8c90 .event posedge, v0x556d5b4f5d30_0;
E_0x556d5b4b8de0/0 .event edge, v0x556d5b4f5ed0_0, v0x556d5b4f5790_0, v0x556d5b4f5790_1, v0x556d5b4f5790_2;
v0x556d5b4f5790_6 .array/port v0x556d5b4f5790, 6;
E_0x556d5b4b8de0/1 .event edge, v0x556d5b4f5790_3, v0x556d5b4f5790_4, v0x556d5b4f5790_5, v0x556d5b4f5790_6;
v0x556d5b4f5790_7 .array/port v0x556d5b4f5790, 7;
v0x556d5b4f5790_8 .array/port v0x556d5b4f5790, 8;
v0x556d5b4f5790_9 .array/port v0x556d5b4f5790, 9;
v0x556d5b4f5790_10 .array/port v0x556d5b4f5790, 10;
E_0x556d5b4b8de0/2 .event edge, v0x556d5b4f5790_7, v0x556d5b4f5790_8, v0x556d5b4f5790_9, v0x556d5b4f5790_10;
v0x556d5b4f5790_11 .array/port v0x556d5b4f5790, 11;
v0x556d5b4f5790_12 .array/port v0x556d5b4f5790, 12;
v0x556d5b4f5790_13 .array/port v0x556d5b4f5790, 13;
v0x556d5b4f5790_14 .array/port v0x556d5b4f5790, 14;
E_0x556d5b4b8de0/3 .event edge, v0x556d5b4f5790_11, v0x556d5b4f5790_12, v0x556d5b4f5790_13, v0x556d5b4f5790_14;
v0x556d5b4f5790_15 .array/port v0x556d5b4f5790, 15;
v0x556d5b4f5790_16 .array/port v0x556d5b4f5790, 16;
v0x556d5b4f5790_17 .array/port v0x556d5b4f5790, 17;
v0x556d5b4f5790_18 .array/port v0x556d5b4f5790, 18;
E_0x556d5b4b8de0/4 .event edge, v0x556d5b4f5790_15, v0x556d5b4f5790_16, v0x556d5b4f5790_17, v0x556d5b4f5790_18;
v0x556d5b4f5790_19 .array/port v0x556d5b4f5790, 19;
v0x556d5b4f5790_20 .array/port v0x556d5b4f5790, 20;
v0x556d5b4f5790_21 .array/port v0x556d5b4f5790, 21;
v0x556d5b4f5790_22 .array/port v0x556d5b4f5790, 22;
E_0x556d5b4b8de0/5 .event edge, v0x556d5b4f5790_19, v0x556d5b4f5790_20, v0x556d5b4f5790_21, v0x556d5b4f5790_22;
v0x556d5b4f5790_23 .array/port v0x556d5b4f5790, 23;
v0x556d5b4f5790_24 .array/port v0x556d5b4f5790, 24;
v0x556d5b4f5790_25 .array/port v0x556d5b4f5790, 25;
v0x556d5b4f5790_26 .array/port v0x556d5b4f5790, 26;
E_0x556d5b4b8de0/6 .event edge, v0x556d5b4f5790_23, v0x556d5b4f5790_24, v0x556d5b4f5790_25, v0x556d5b4f5790_26;
v0x556d5b4f5790_27 .array/port v0x556d5b4f5790, 27;
v0x556d5b4f5790_28 .array/port v0x556d5b4f5790, 28;
v0x556d5b4f5790_29 .array/port v0x556d5b4f5790, 29;
v0x556d5b4f5790_30 .array/port v0x556d5b4f5790, 30;
E_0x556d5b4b8de0/7 .event edge, v0x556d5b4f5790_27, v0x556d5b4f5790_28, v0x556d5b4f5790_29, v0x556d5b4f5790_30;
v0x556d5b4f5790_31 .array/port v0x556d5b4f5790, 31;
E_0x556d5b4b8de0/8 .event edge, v0x556d5b4f5790_31, v0x556d5b4f6170_0, v0x556d5b4f6090_0, v0x556d5b4f6250_0;
E_0x556d5b4b8de0/9 .event edge, v0x556d5b4f56b0_0, v0x556d5b4f65b0_0, v0x556d5b4f54f0_0, v0x556d5b4f6690_0;
E_0x556d5b4b8de0/10 .event edge, v0x556d5b4f5c50_0, v0x556d5b4f5fb0_0;
E_0x556d5b4b8de0 .event/or E_0x556d5b4b8de0/0, E_0x556d5b4b8de0/1, E_0x556d5b4b8de0/2, E_0x556d5b4b8de0/3, E_0x556d5b4b8de0/4, E_0x556d5b4b8de0/5, E_0x556d5b4b8de0/6, E_0x556d5b4b8de0/7, E_0x556d5b4b8de0/8, E_0x556d5b4b8de0/9, E_0x556d5b4b8de0/10;
E_0x556d5b4b71b0/0 .event edge, v0x556d5b4f6d30_0, v0x556d5b4f6a10_0, v0x556d5b4f5ed0_0, v0x556d5b4f6b90_0;
E_0x556d5b4b71b0/1 .event edge, v0x556d5b4f5df0_0;
E_0x556d5b4b71b0 .event/or E_0x556d5b4b71b0/0, E_0x556d5b4b71b0/1;
L_0x556d5b4f7200 .cmp/eq 3, v0x556d5b4f6d30_0, L_0x7f0623b77018;
L_0x556d5b4f7300 .concat [ 2 30 0 0], v0x556d5b4f5df0_0, L_0x7f0623b77060;
L_0x556d5b5074c0 .cmp/eq 32, L_0x556d5b4f7300, L_0x7f0623b770a8;
L_0x556d5b507790 .functor MUXZ 2, L_0x7f0623b77138, L_0x7f0623b770f0, L_0x556d5b507630, C4<>;
L_0x556d5b507950 .part L_0x556d5b507790, 0, 1;
L_0x556d5b507a40 .cmp/gt 8, v0x556d5b4f5790_0, v0x556d5b4f5790_5;
L_0x556d5b507bc0 .arith/sub 8, v0x556d5b4f5790_0, v0x556d5b4f5790_5;
L_0x556d5b507cd0 .arith/sub 8, v0x556d5b4f5790_5, v0x556d5b4f5790_0;
L_0x556d5b507e50 .functor MUXZ 8, L_0x556d5b507cd0, L_0x556d5b507bc0, L_0x556d5b507a40, C4<>;
L_0x556d5b507f40 .cmp/gt 8, v0x556d5b4f5790_1, v0x556d5b4f5790_3;
L_0x556d5b5080e0 .arith/sub 8, v0x556d5b4f5790_1, v0x556d5b4f5790_3;
L_0x556d5b508180 .arith/sub 8, v0x556d5b4f5790_3, v0x556d5b4f5790_1;
L_0x556d5b5083b0 .functor MUXZ 8, L_0x556d5b508180, L_0x556d5b5080e0, L_0x556d5b507f40, C4<>;
L_0x556d5b508450 .cmp/gt 8, v0x556d5b4f5790_4, v0x556d5b4f5790_2;
L_0x556d5b508610 .arith/sub 8, v0x556d5b4f5790_4, v0x556d5b4f5790_2;
L_0x556d5b5086b0 .arith/sub 8, v0x556d5b4f5790_2, v0x556d5b4f5790_4;
L_0x556d5b508900 .functor MUXZ 8, L_0x556d5b5086b0, L_0x556d5b508610, L_0x556d5b508450, C4<>;
L_0x556d5b5089f0 .cmp/eq 3, v0x556d5b4f6d30_0, L_0x7f0623b77180;
L_0x556d5b508bd0 .functor MUXZ 2, L_0x7f0623b77210, L_0x7f0623b771c8, L_0x556d5b5089f0, C4<>;
L_0x556d5b508d60 .part L_0x556d5b508bd0, 0, 1;
    .scope S_0x556d5b4ae330;
T_0 ;
    %wait E_0x556d5b4b7b20;
    %load/vec4 v0x556d5b4f6c70_0;
    %flag_set/vec4 8;
    %jmp/0xz  T_0.0, 8;
    %pushi/vec4 0, 0, 3;
    %assign/vec4 v0x556d5b4f6d30_0, 0;
    %jmp T_0.1;
T_0.0 ;
    %load/vec4 v0x556d5b4f6850_0;
    %assign/vec4 v0x556d5b4f6d30_0, 0;
T_0.1 ;
    %jmp T_0;
    .thread T_0;
    .scope S_0x556d5b4ae330;
T_1 ;
    %wait E_0x556d5b4b71b0;
    %load/vec4 v0x556d5b4f6d30_0;
    %dup/vec4;
    %pushi/vec4 0, 0, 3;
    %cmp/u;
    %jmp/1 T_1.0, 6;
    %dup/vec4;
    %pushi/vec4 1, 0, 3;
    %cmp/u;
    %jmp/1 T_1.1, 6;
    %dup/vec4;
    %pushi/vec4 2, 0, 3;
    %cmp/u;
    %jmp/1 T_1.2, 6;
    %dup/vec4;
    %pushi/vec4 3, 0, 3;
    %cmp/u;
    %jmp/1 T_1.3, 6;
    %dup/vec4;
    %pushi/vec4 4, 0, 3;
    %cmp/u;
    %jmp/1 T_1.4, 6;
    %pushi/vec4 0, 0, 3;
    %store/vec4 v0x556d5b4f6850_0, 0, 3;
    %jmp T_1.6;
T_1.0 ;
    %load/vec4 v0x556d5b4f6a10_0;
    %flag_set/vec4 8;
    %jmp/0xz  T_1.7, 8;
    %pushi/vec4 1, 0, 3;
    %store/vec4 v0x556d5b4f6850_0, 0, 3;
T_1.7 ;
    %jmp T_1.6;
T_1.1 ;
    %load/vec4 v0x556d5b4f5ed0_0;
    %and/r;
    %load/vec4 v0x556d5b4f6b90_0;
    %pad/u 32;
    %pushi/vec4 126, 0, 32;
    %cmp/e;
    %flag_get/vec4 4;
    %and;
    %flag_set/vec4 8;
    %jmp/0xz  T_1.9, 8;
    %pushi/vec4 2, 0, 3;
    %store/vec4 v0x556d5b4f6850_0, 0, 3;
    %jmp T_1.10;
T_1.9 ;
    %pushi/vec4 1, 0, 3;
    %store/vec4 v0x556d5b4f6850_0, 0, 3;
T_1.10 ;
    %jmp T_1.6;
T_1.2 ;
    %load/vec4 v0x556d5b4f5ed0_0;
    %pad/u 32;
    %pushi/vec4 0, 0, 32;
    %cmp/e;
    %flag_get/vec4 4;
    %load/vec4 v0x556d5b4f5df0_0;
    %pad/u 32;
    %pushi/vec4 3, 0, 32;
    %cmp/e;
    %flag_get/vec4 4;
    %and;
    %flag_set/vec4 8;
    %jmp/0xz  T_1.11, 8;
    %pushi/vec4 3, 0, 3;
    %store/vec4 v0x556d5b4f6850_0, 0, 3;
    %jmp T_1.12;
T_1.11 ;
    %load/vec4 v0x556d5b4f5ed0_0;
    %pad/u 32;
    %pushi/vec4 0, 0, 32;
    %cmp/e;
    %flag_get/vec4 4;
    %inv;
    %load/vec4 v0x556d5b4f5df0_0;
    %pad/u 32;
    %pushi/vec4 2, 0, 32;
    %cmp/e;
    %flag_get/vec4 4;
    %and;
    %flag_set/vec4 8;
    %jmp/0xz  T_1.13, 8;
    %pushi/vec4 3, 0, 3;
    %store/vec4 v0x556d5b4f6850_0, 0, 3;
    %jmp T_1.14;
T_1.13 ;
    %pushi/vec4 2, 0, 3;
    %store/vec4 v0x556d5b4f6850_0, 0, 3;
T_1.14 ;
T_1.12 ;
    %jmp T_1.6;
T_1.3 ;
    %load/vec4 v0x556d5b4f5ed0_0;
    %pad/u 32;
    %pushi/vec4 127, 0, 32;
    %cmp/e;
    %flag_get/vec4 4;
    %load/vec4 v0x556d5b4f6b90_0;
    %pad/u 32;
    %pushi/vec4 62, 0, 32;
    %cmp/e;
    %flag_get/vec4 4;
    %and;
    %flag_set/vec4 8;
    %jmp/0xz  T_1.15, 8;
    %pushi/vec4 4, 0, 3;
    %store/vec4 v0x556d5b4f6850_0, 0, 3;
    %jmp T_1.16;
T_1.15 ;
    %pushi/vec4 2, 0, 3;
    %store/vec4 v0x556d5b4f6850_0, 0, 3;
T_1.16 ;
    %jmp T_1.6;
T_1.4 ;
    %pushi/vec4 4, 0, 3;
    %store/vec4 v0x556d5b4f6850_0, 0, 3;
    %jmp T_1.6;
T_1.6 ;
    %pop/vec4 1;
    %jmp T_1;
    .thread T_1, $push;
    .scope S_0x556d5b4ae330;
T_2 ;
    %wait E_0x556d5b4b8c90;
    %load/vec4 v0x556d5b4f6850_0;
    %cmpi/e 2, 0, 3;
    %flag_mov 8, 4;
    %load/vec4 v0x556d5b4f6850_0;
    %cmpi/e 3, 0, 3;
    %flag_or 4, 8;
    %jmp/0xz  T_2.0, 4;
    %load/vec4 v0x556d5b4f5ed0_0;
    %nor/r;
    %flag_set/vec4 8;
    %jmp/0xz  T_2.2, 8;
    %load/vec4 v0x556d5b4f6330_0;
    %load/vec4 v0x556d5b4f5df0_0;
    %pad/u 33;
    %subi 1, 0, 33;
    %ix/vec4 3;
    %ix/load 4, 0, 0; Constant delay
    %assign/vec4/a/d v0x556d5b4f5790, 0, 4;
    %jmp T_2.3;
T_2.2 ;
    %load/vec4 v0x556d5b4f5ed0_0;
    %inv;
    %cmpi/ne 0, 0, 7;
    %jmp/0xz  T_2.4, 4;
    %load/vec4 v0x556d5b4f6330_0;
    %load/vec4 v0x556d5b4f5df0_0;
    %pad/u 33;
    %addi 3, 0, 33;
    %ix/vec4 3;
    %ix/load 4, 0, 0; Constant delay
    %assign/vec4/a/d v0x556d5b4f5790, 0, 4;
    %load/vec4 v0x556d5b4f5ed0_0;
    %pad/u 32;
    %pushi/vec4 1, 0, 32;
    %cmp/e;
    %flag_get/vec4 4;
    %inv;
    %load/vec4 v0x556d5b4f5df0_0;
    %nor/r;
    %and;
    %flag_set/vec4 8;
    %jmp/0xz  T_2.6, 8;
    %ix/load 4, 1, 0;
    %flag_set/imm 4, 0;
    %load/vec4a v0x556d5b4f5790, 4;
    %ix/load 3, 0, 0;
    %flag_set/imm 4, 0;
    %ix/load 4, 0, 0; Constant delay
    %assign/vec4/a/d v0x556d5b4f5790, 0, 4;
    %ix/load 4, 4, 0;
    %flag_set/imm 4, 0;
    %load/vec4a v0x556d5b4f5790, 4;
    %ix/load 3, 1, 0;
    %flag_set/imm 4, 0;
    %ix/load 4, 0, 0; Constant delay
    %assign/vec4/a/d v0x556d5b4f5790, 0, 4;
    %ix/load 4, 3, 0;
    %flag_set/imm 4, 0;
    %load/vec4a v0x556d5b4f5790, 4;
    %ix/load 3, 2, 0;
    %flag_set/imm 4, 0;
    %ix/load 4, 0, 0; Constant delay
    %assign/vec4/a/d v0x556d5b4f5790, 0, 4;
    %ix/load 4, 5, 0;
    %flag_set/imm 4, 0;
    %load/vec4a v0x556d5b4f5790, 4;
    %ix/load 3, 3, 0;
    %flag_set/imm 4, 0;
    %ix/load 4, 0, 0; Constant delay
    %assign/vec4/a/d v0x556d5b4f5790, 0, 4;
T_2.6 ;
T_2.4 ;
T_2.3 ;
T_2.0 ;
    %jmp T_2;
    .thread T_2;
    .scope S_0x556d5b4ae330;
T_3 ;
    %wait E_0x556d5b4b7b20;
    %load/vec4 v0x556d5b4f6c70_0;
    %flag_set/vec4 8;
    %jmp/0xz  T_3.0, 8;
    %pushi/vec4 0, 0, 2;
    %assign/vec4 v0x556d5b4f5df0_0, 0;
    %jmp T_3.1;
T_3.0 ;
    %load/vec4 v0x556d5b4f6d30_0;
    %cmpi/e 2, 0, 3;
    %jmp/0xz  T_3.2, 4;
    %load/vec4 v0x556d5b4f5df0_0;
    %addi 1, 0, 2;
    %assign/vec4 v0x556d5b4f5df0_0, 0;
    %jmp T_3.3;
T_3.2 ;
    %load/vec4 v0x556d5b4f6d30_0;
    %cmpi/e 3, 0, 3;
    %jmp/0xz  T_3.4, 4;
    %pushi/vec4 0, 0, 2;
    %assign/vec4 v0x556d5b4f5df0_0, 0;
T_3.4 ;
T_3.3 ;
T_3.1 ;
    %jmp T_3;
    .thread T_3;
    .scope S_0x556d5b4ae330;
T_4 ;
    %wait E_0x556d5b4b7b20;
    %load/vec4 v0x556d5b4f6c70_0;
    %flag_set/vec4 8;
    %jmp/0xz  T_4.0, 8;
    %pushi/vec4 0, 0, 13;
    %assign/vec4 v0x556d5b4f55d0_0, 0;
    %jmp T_4.1;
T_4.0 ;
    %load/vec4 v0x556d5b4f6d30_0;
    %cmpi/e 1, 0, 3;
    %jmp/0xz  T_4.2, 4;
    %load/vec4 v0x556d5b4f6b90_0;
    %load/vec4 v0x556d5b4f5ed0_0;
    %concat/vec4; draw_concat_vec4
    %assign/vec4 v0x556d5b4f55d0_0, 0;
    %jmp T_4.3;
T_4.2 ;
    %load/vec4 v0x556d5b4f6d30_0;
    %cmpi/e 2, 0, 3;
    %jmp/0xz  T_4.4, 4;
    %load/vec4 v0x556d5b4f5ed0_0;
    %pad/u 32;
    %cmpi/e 0, 0, 32;
    %jmp/0xz  T_4.6, 4;
    %load/vec4 v0x556d5b4f5df0_0;
    %pad/u 32;
    %cmpi/e 0, 0, 32;
    %flag_mov 8, 4;
    %load/vec4 v0x556d5b4f5df0_0;
    %pad/u 32;
    %cmpi/e 1, 0, 32;
    %flag_or 4, 8;
    %jmp/0xz  T_4.8, 4;
    %load/vec4 v0x556d5b4f6b90_0;
    %concati/vec4 0, 0, 5;
    %load/vec4 v0x556d5b4f5df0_0;
    %concat/vec4; draw_concat_vec4
    %assign/vec4 v0x556d5b4f55d0_0, 0;
    %jmp T_4.9;
T_4.8 ;
    %load/vec4 v0x556d5b4f6b90_0;
    %addi 2, 0, 6;
    %concati/vec4 0, 0, 5;
    %load/vec4 v0x556d5b4f5df0_0;
    %subi 2, 0, 2;
    %concat/vec4; draw_concat_vec4
    %assign/vec4 v0x556d5b4f55d0_0, 0;
T_4.9 ;
    %jmp T_4.7;
T_4.6 ;
    %load/vec4 v0x556d5b4f5df0_0;
    %pad/u 32;
    %cmpi/e 0, 0, 32;
    %jmp/0xz  T_4.10, 4;
    %load/vec4 v0x556d5b4f6b90_0;
    %load/vec4 v0x556d5b4f5ed0_0;
    %addi 1, 0, 7;
    %concat/vec4; draw_concat_vec4
    %assign/vec4 v0x556d5b4f55d0_0, 0;
    %jmp T_4.11;
T_4.10 ;
    %load/vec4 v0x556d5b4f6b90_0;
    %addi 2, 0, 6;
    %load/vec4 v0x556d5b4f5ed0_0;
    %addi 1, 0, 7;
    %concat/vec4; draw_concat_vec4
    %assign/vec4 v0x556d5b4f55d0_0, 0;
T_4.11 ;
T_4.7 ;
    %jmp T_4.5;
T_4.4 ;
    %load/vec4 v0x556d5b4f6d30_0;
    %cmpi/e 3, 0, 3;
    %jmp/0xz  T_4.12, 4;
    %load/vec4 v0x556d5b4f6b90_0;
    %addi 1, 0, 6;
    %load/vec4 v0x556d5b4f5ed0_0;
    %concat/vec4; draw_concat_vec4
    %assign/vec4 v0x556d5b4f55d0_0, 0;
T_4.12 ;
T_4.5 ;
T_4.3 ;
T_4.1 ;
    %jmp T_4;
    .thread T_4;
    .scope S_0x556d5b4ae330;
T_5 ;
    %wait E_0x556d5b4b8de0;
    %load/vec4 v0x556d5b4f5ed0_0;
    %nor/r;
    %flag_set/vec4 8;
    %jmp/0xz  T_5.0, 8;
    %ix/load 4, 0, 0;
    %flag_set/imm 4, 0;
    %load/vec4a v0x556d5b4f5790, 4;
    %pad/u 9;
    %ix/load 4, 2, 0;
    %flag_set/imm 4, 0;
    %load/vec4a v0x556d5b4f5790, 4;
    %pad/u 9;
    %add;
    %store/vec4 v0x556d5b4f6930_0, 0, 9;
    %jmp T_5.1;
T_5.0 ;
    %load/vec4 v0x556d5b4f5ed0_0;
    %and/r;
    %flag_set/vec4 8;
    %jmp/0xz  T_5.2, 8;
    %ix/load 4, 4, 0;
    %flag_set/imm 4, 0;
    %load/vec4a v0x556d5b4f5790, 4;
    %pad/u 9;
    %ix/load 4, 5, 0;
    %flag_set/imm 4, 0;
    %load/vec4a v0x556d5b4f5790, 4;
    %pad/u 9;
    %add;
    %store/vec4 v0x556d5b4f6930_0, 0, 9;
    %jmp T_5.3;
T_5.2 ;
    %load/vec4 v0x556d5b4f6170_0;
    %load/vec4 v0x556d5b4f6090_0;
    %cmp/u;
    %flag_get/vec4 4;
    %flag_get/vec4 5;
    %or;
    %load/vec4 v0x556d5b4f6170_0;
    %load/vec4 v0x556d5b4f6250_0;
    %cmp/u;
    %flag_get/vec4 4;
    %flag_get/vec4 5;
    %or;
    %and;
    %flag_set/vec4 8;
    %jmp/0xz  T_5.4, 8;
    %load/vec4 v0x556d5b4f56b0_0;
    %pad/u 9;
    %load/vec4 v0x556d5b4f65b0_0;
    %pad/u 9;
    %add;
    %store/vec4 v0x556d5b4f6930_0, 0, 9;
    %jmp T_5.5;
T_5.4 ;
    %load/vec4 v0x556d5b4f6090_0;
    %load/vec4 v0x556d5b4f6170_0;
    %cmp/u;
    %flag_get/vec4 4;
    %flag_get/vec4 5;
    %or;
    %load/vec4 v0x556d5b4f6090_0;
    %load/vec4 v0x556d5b4f6250_0;
    %cmp/u;
    %flag_get/vec4 4;
    %flag_get/vec4 5;
    %or;
    %and;
    %flag_set/vec4 8;
    %jmp/0xz  T_5.6, 8;
    %load/vec4 v0x556d5b4f54f0_0;
    %pad/u 9;
    %load/vec4 v0x556d5b4f6690_0;
    %pad/u 9;
    %add;
    %store/vec4 v0x556d5b4f6930_0, 0, 9;
    %jmp T_5.7;
T_5.6 ;
    %load/vec4 v0x556d5b4f5c50_0;
    %pad/u 9;
    %load/vec4 v0x556d5b4f5fb0_0;
    %pad/u 9;
    %add;
    %store/vec4 v0x556d5b4f6930_0, 0, 9;
T_5.7 ;
T_5.5 ;
T_5.3 ;
T_5.1 ;
    %jmp T_5;
    .thread T_5, $push;
    .scope S_0x556d5b4ae330;
T_6 ;
    %wait E_0x556d5b4b8c90;
    %load/vec4 v0x556d5b4f6d30_0;
    %cmpi/e 1, 0, 3;
    %jmp/0xz  T_6.0, 4;
    %load/vec4 v0x556d5b4f6770_0;
    %assign/vec4 v0x556d5b4f6410_0, 0;
    %pushi/vec4 1, 0, 1;
    %assign/vec4 v0x556d5b4f6e10_0, 0;
    %jmp T_6.1;
T_6.0 ;
    %load/vec4 v0x556d5b4f6d30_0;
    %cmpi/e 3, 0, 3;
    %jmp/0xz  T_6.2, 4;
    %pushi/vec4 1, 0, 1;
    %assign/vec4 v0x556d5b4f6e10_0, 0;
    %load/vec4 v0x556d5b4f6930_0;
    %parti/s 8, 1, 2;
    %assign/vec4 v0x556d5b4f6410_0, 0;
    %jmp T_6.3;
T_6.2 ;
    %pushi/vec4 0, 0, 1;
    %assign/vec4 v0x556d5b4f6e10_0, 0;
T_6.3 ;
T_6.1 ;
    %jmp T_6;
    .thread T_6;
    .scope S_0x556d5b4ae330;
T_7 ;
    %wait E_0x556d5b4b7b20;
    %load/vec4 v0x556d5b4f6c70_0;
    %flag_set/vec4 8;
    %jmp/0xz  T_7.0, 8;
    %pushi/vec4 0, 0, 6;
    %assign/vec4 v0x556d5b4f6b90_0, 0;
    %pushi/vec4 0, 0, 7;
    %assign/vec4 v0x556d5b4f5ed0_0, 0;
    %jmp T_7.1;
T_7.0 ;
    %load/vec4 v0x556d5b4f6d30_0;
    %cmpi/e 1, 0, 3;
    %jmp/0xz  T_7.2, 4;
    %load/vec4 v0x556d5b4f5ed0_0;
    %pad/u 32;
    %pushi/vec4 127, 0, 32;
    %cmp/e;
    %flag_get/vec4 4;
    %load/vec4 v0x556d5b4f6d30_0;
    %pushi/vec4 1, 0, 3;
    %cmp/e;
    %flag_get/vec4 4;
    %and;
    %flag_set/vec4 8;
    %jmp/0xz  T_7.4, 8;
    %load/vec4 v0x556d5b4f6b90_0;
    %addi 2, 0, 6;
    %assign/vec4 v0x556d5b4f6b90_0, 0;
T_7.4 ;
    %load/vec4 v0x556d5b4f5ed0_0;
    %addi 1, 0, 7;
    %assign/vec4 v0x556d5b4f5ed0_0, 0;
    %jmp T_7.3;
T_7.2 ;
    %load/vec4 v0x556d5b4f6d30_0;
    %cmpi/e 3, 0, 3;
    %jmp/0xz  T_7.6, 4;
    %load/vec4 v0x556d5b4f5ed0_0;
    %pad/u 32;
    %cmpi/e 127, 0, 32;
    %jmp/0xz  T_7.8, 4;
    %load/vec4 v0x556d5b4f6b90_0;
    %addi 2, 0, 6;
    %assign/vec4 v0x556d5b4f6b90_0, 0;
T_7.8 ;
    %load/vec4 v0x556d5b4f5ed0_0;
    %addi 1, 0, 7;
    %assign/vec4 v0x556d5b4f5ed0_0, 0;
T_7.6 ;
T_7.3 ;
T_7.1 ;
    %jmp T_7;
    .thread T_7;
# The file index is used to find the file name in the following table.
:file_names 3;
    "N/A";
    "<interactive>";
    "ELA.v";
