#! /usr/bin/vvp
:ivl_version "10.3 (stable)";
:ivl_delay_selection "TYPICAL";
:vpi_time_precision + 0;
:vpi_module "system";
:vpi_module "vhdl_sys";
:vpi_module "v2005_math";
:vpi_module "va_math";
S_0x5563475420d0 .scope module, "TLS" "TLS" 2 1;
 .timescale 0 0;
    .port_info 0 /INPUT 1 "clk"
    .port_info 1 /INPUT 1 "reset"
    .port_info 2 /INPUT 1 "Set"
    .port_info 3 /INPUT 1 "Stop"
    .port_info 4 /INPUT 1 "Jump"
    .port_info 5 /INPUT 4 "Gin"
    .port_info 6 /INPUT 4 "Yin"
    .port_info 7 /INPUT 4 "Rin"
    .port_info 8 /OUTPUT 1 "Gout"
    .port_info 9 /OUTPUT 1 "Yout"
    .port_info 10 /OUTPUT 1 "Rout"
P_0x556347542250 .param/l "GREEN" 0 2 24, C4<001>;
P_0x556347542290 .param/l "IDLE" 0 2 23, C4<000>;
P_0x5563475422d0 .param/l "RED" 0 2 26, C4<011>;
P_0x556347542310 .param/l "YELLOW" 0 2 25, C4<010>;
o0x7f65f2632018 .functor BUFZ 4, C4<zzzz>; HiZ drive
v0x556347555500_0 .net "Gin", 3 0, o0x7f65f2632018;  0 drivers
v0x5563475555d0_0 .var "Gout", 0 0;
o0x7f65f2632078 .functor BUFZ 1, C4<z>; HiZ drive
v0x5563475691a0_0 .net "Jump", 0 0, o0x7f65f2632078;  0 drivers
o0x7f65f26320a8 .functor BUFZ 4, C4<zzzz>; HiZ drive
v0x556347569240_0 .net "Rin", 3 0, o0x7f65f26320a8;  0 drivers
v0x5563475993d0_0 .var "Rout", 0 0;
o0x7f65f2632108 .functor BUFZ 1, C4<z>; HiZ drive
v0x5563475994e0_0 .net "Set", 0 0, o0x7f65f2632108;  0 drivers
o0x7f65f2632138 .functor BUFZ 1, C4<z>; HiZ drive
v0x5563475995a0_0 .net "Stop", 0 0, o0x7f65f2632138;  0 drivers
o0x7f65f2632168 .functor BUFZ 4, C4<zzzz>; HiZ drive
v0x556347599660_0 .net "Yin", 3 0, o0x7f65f2632168;  0 drivers
v0x556347599740_0 .var "Yout", 0 0;
o0x7f65f26321c8 .functor BUFZ 1, C4<z>; HiZ drive
v0x556347599800_0 .net "clk", 0 0, o0x7f65f26321c8;  0 drivers
v0x5563475998c0_0 .var "cnt", 4 0;
v0x5563475999a0_0 .var "cnt_rst", 0 0;
v0x556347599a60_0 .var "g_t", 3 0;
v0x556347599b40_0 .var "next_state", 2 0;
v0x556347599c20_0 .var "r_t", 3 0;
o0x7f65f26322e8 .functor BUFZ 1, C4<z>; HiZ drive
v0x556347599d00_0 .net "reset", 0 0, o0x7f65f26322e8;  0 drivers
v0x556347599dc0_0 .var "state", 2 0;
v0x556347599fb0_0 .var "y_t", 3 0;
E_0x556347578c50 .event edge, v0x556347599b40_0, v0x5563475995a0_0;
E_0x556347579940 .event posedge, v0x556347599d00_0, v0x556347599800_0;
E_0x556347577a20/0 .event edge, v0x556347599dc0_0, v0x5563475998c0_0, v0x556347599a60_0, v0x556347599fb0_0;
E_0x556347577a20/1 .event edge, v0x556347599c20_0;
E_0x556347577a20 .event/or E_0x556347577a20/0, E_0x556347577a20/1;
E_0x556347578b00/0 .event edge, v0x5563475994e0_0, v0x5563475691a0_0, v0x556347599dc0_0, v0x5563475998c0_0;
E_0x556347578b00/1 .event edge, v0x556347599a60_0, v0x556347599fb0_0, v0x556347599c20_0;
E_0x556347578b00 .event/or E_0x556347578b00/0, E_0x556347578b00/1;
    .scope S_0x5563475420d0;
T_0 ;
    %wait E_0x556347579940;
    %load/vec4 v0x556347599d00_0;
    %flag_set/vec4 8;
    %jmp/0xz  T_0.0, 8;
    %pushi/vec4 0, 0, 3;
    %assign/vec4 v0x556347599dc0_0, 0;
    %jmp T_0.1;
T_0.0 ;
    %load/vec4 v0x556347599b40_0;
    %assign/vec4 v0x556347599dc0_0, 0;
T_0.1 ;
    %jmp T_0;
    .thread T_0;
    .scope S_0x5563475420d0;
T_1 ;
    %wait E_0x556347578b00;
    %load/vec4 v0x5563475994e0_0;
    %flag_set/vec4 8;
    %jmp/0xz  T_1.0, 8;
    %pushi/vec4 1, 0, 3;
    %store/vec4 v0x556347599b40_0, 0, 3;
    %jmp T_1.1;
T_1.0 ;
    %load/vec4 v0x5563475691a0_0;
    %flag_set/vec4 8;
    %jmp/0xz  T_1.2, 8;
    %pushi/vec4 3, 0, 3;
    %store/vec4 v0x556347599b40_0, 0, 3;
    %jmp T_1.3;
T_1.2 ;
    %load/vec4 v0x556347599dc0_0;
    %dup/vec4;
    %pushi/vec4 0, 0, 3;
    %cmp/u;
    %jmp/1 T_1.4, 6;
    %dup/vec4;
    %pushi/vec4 1, 0, 3;
    %cmp/u;
    %jmp/1 T_1.5, 6;
    %dup/vec4;
    %pushi/vec4 2, 0, 3;
    %cmp/u;
    %jmp/1 T_1.6, 6;
    %dup/vec4;
    %pushi/vec4 3, 0, 3;
    %cmp/u;
    %jmp/1 T_1.7, 6;
    %pushi/vec4 0, 0, 3;
    %store/vec4 v0x556347599b40_0, 0, 3;
    %jmp T_1.9;
T_1.4 ;
    %load/vec4 v0x5563475994e0_0;
    %pad/u 32;
    %cmpi/e 1, 0, 32;
    %jmp/0xz  T_1.10, 4;
    %pushi/vec4 1, 0, 3;
    %store/vec4 v0x556347599b40_0, 0, 3;
    %jmp T_1.11;
T_1.10 ;
    %pushi/vec4 0, 0, 3;
    %store/vec4 v0x556347599b40_0, 0, 3;
T_1.11 ;
    %jmp T_1.9;
T_1.5 ;
    %load/vec4 v0x5563475998c0_0;
    %load/vec4 v0x556347599a60_0;
    %pad/u 5;
    %cmp/e;
    %jmp/0xz  T_1.12, 4;
    %pushi/vec4 2, 0, 3;
    %store/vec4 v0x556347599b40_0, 0, 3;
    %jmp T_1.13;
T_1.12 ;
    %pushi/vec4 1, 0, 3;
    %store/vec4 v0x556347599b40_0, 0, 3;
T_1.13 ;
    %jmp T_1.9;
T_1.6 ;
    %load/vec4 v0x5563475998c0_0;
    %load/vec4 v0x556347599fb0_0;
    %pad/u 5;
    %cmp/e;
    %jmp/0xz  T_1.14, 4;
    %pushi/vec4 3, 0, 3;
    %store/vec4 v0x556347599b40_0, 0, 3;
    %jmp T_1.15;
T_1.14 ;
    %pushi/vec4 2, 0, 3;
    %store/vec4 v0x556347599b40_0, 0, 3;
T_1.15 ;
    %jmp T_1.9;
T_1.7 ;
    %load/vec4 v0x5563475998c0_0;
    %load/vec4 v0x556347599c20_0;
    %pad/u 5;
    %cmp/e;
    %jmp/0xz  T_1.16, 4;
    %pushi/vec4 1, 0, 3;
    %store/vec4 v0x556347599b40_0, 0, 3;
    %jmp T_1.17;
T_1.16 ;
    %pushi/vec4 3, 0, 3;
    %store/vec4 v0x556347599b40_0, 0, 3;
T_1.17 ;
    %jmp T_1.9;
T_1.9 ;
    %pop/vec4 1;
T_1.3 ;
T_1.1 ;
    %jmp T_1;
    .thread T_1, $push;
    .scope S_0x5563475420d0;
T_2 ;
    %wait E_0x556347577a20;
    %load/vec4 v0x556347599dc0_0;
    %dup/vec4;
    %pushi/vec4 0, 0, 3;
    %cmp/u;
    %jmp/1 T_2.0, 6;
    %dup/vec4;
    %pushi/vec4 1, 0, 3;
    %cmp/u;
    %jmp/1 T_2.1, 6;
    %dup/vec4;
    %pushi/vec4 2, 0, 3;
    %cmp/u;
    %jmp/1 T_2.2, 6;
    %dup/vec4;
    %pushi/vec4 3, 0, 3;
    %cmp/u;
    %jmp/1 T_2.3, 6;
    %pushi/vec4 0, 0, 1;
    %store/vec4 v0x5563475999a0_0, 0, 1;
    %jmp T_2.5;
T_2.0 ;
    %pushi/vec4 1, 0, 1;
    %store/vec4 v0x5563475999a0_0, 0, 1;
    %jmp T_2.5;
T_2.1 ;
    %load/vec4 v0x5563475998c0_0;
    %load/vec4 v0x556347599a60_0;
    %pad/u 5;
    %cmp/e;
    %jmp/0xz  T_2.6, 4;
    %pushi/vec4 1, 0, 1;
    %store/vec4 v0x5563475999a0_0, 0, 1;
    %jmp T_2.7;
T_2.6 ;
    %pushi/vec4 0, 0, 1;
    %store/vec4 v0x5563475999a0_0, 0, 1;
T_2.7 ;
    %jmp T_2.5;
T_2.2 ;
    %load/vec4 v0x5563475998c0_0;
    %load/vec4 v0x556347599fb0_0;
    %pad/u 5;
    %cmp/e;
    %jmp/0xz  T_2.8, 4;
    %pushi/vec4 1, 0, 1;
    %store/vec4 v0x5563475999a0_0, 0, 1;
    %jmp T_2.9;
T_2.8 ;
    %pushi/vec4 0, 0, 1;
    %store/vec4 v0x5563475999a0_0, 0, 1;
T_2.9 ;
    %jmp T_2.5;
T_2.3 ;
    %load/vec4 v0x5563475998c0_0;
    %load/vec4 v0x556347599c20_0;
    %pad/u 5;
    %cmp/e;
    %jmp/0xz  T_2.10, 4;
    %pushi/vec4 1, 0, 1;
    %store/vec4 v0x5563475999a0_0, 0, 1;
    %jmp T_2.11;
T_2.10 ;
    %pushi/vec4 0, 0, 1;
    %store/vec4 v0x5563475999a0_0, 0, 1;
T_2.11 ;
    %jmp T_2.5;
T_2.5 ;
    %pop/vec4 1;
    %jmp T_2;
    .thread T_2, $push;
    .scope S_0x5563475420d0;
T_3 ;
    %wait E_0x556347579940;
    %load/vec4 v0x556347599d00_0;
    %flag_set/vec4 8;
    %load/vec4 v0x5563475999a0_0;
    %flag_set/vec4 9;
    %flag_or 9, 8;
    %jmp/0xz  T_3.0, 9;
    %pushi/vec4 0, 0, 5;
    %assign/vec4 v0x5563475998c0_0, 0;
    %jmp T_3.1;
T_3.0 ;
    %load/vec4 v0x5563475995a0_0;
    %nor/r;
    %flag_set/vec4 8;
    %jmp/0xz  T_3.2, 8;
    %load/vec4 v0x5563475998c0_0;
    %addi 1, 0, 5;
    %assign/vec4 v0x5563475998c0_0, 0;
T_3.2 ;
T_3.1 ;
    %jmp T_3;
    .thread T_3;
    .scope S_0x5563475420d0;
T_4 ;
    %wait E_0x556347579940;
    %load/vec4 v0x556347599d00_0;
    %flag_set/vec4 8;
    %jmp/0xz  T_4.0, 8;
    %pushi/vec4 0, 0, 4;
    %assign/vec4 v0x556347599a60_0, 0;
    %pushi/vec4 0, 0, 4;
    %assign/vec4 v0x556347599fb0_0, 0;
    %pushi/vec4 0, 0, 4;
    %assign/vec4 v0x556347599c20_0, 0;
    %jmp T_4.1;
T_4.0 ;
    %load/vec4 v0x5563475994e0_0;
    %pad/u 32;
    %cmpi/e 1, 0, 32;
    %jmp/0xz  T_4.2, 4;
    %load/vec4 v0x556347555500_0;
    %assign/vec4 v0x556347599a60_0, 0;
    %load/vec4 v0x556347599660_0;
    %assign/vec4 v0x556347599fb0_0, 0;
    %load/vec4 v0x556347569240_0;
    %assign/vec4 v0x556347599c20_0, 0;
T_4.2 ;
T_4.1 ;
    %jmp T_4;
    .thread T_4;
    .scope S_0x5563475420d0;
T_5 ;
    %wait E_0x556347578c50;
    %load/vec4 v0x556347599b40_0;
    %pushi/vec4 1, 0, 3;
    %cmp/e;
    %flag_get/vec4 4;
    %load/vec4 v0x5563475995a0_0;
    %nor/r;
    %and;
    %flag_set/vec4 8;
    %jmp/0xz  T_5.0, 8;
    %pushi/vec4 1, 0, 1;
    %store/vec4 v0x5563475555d0_0, 0, 1;
    %pushi/vec4 0, 0, 1;
    %store/vec4 v0x556347599740_0, 0, 1;
    %pushi/vec4 0, 0, 1;
    %store/vec4 v0x5563475993d0_0, 0, 1;
    %jmp T_5.1;
T_5.0 ;
    %load/vec4 v0x556347599b40_0;
    %pushi/vec4 2, 0, 3;
    %cmp/e;
    %flag_get/vec4 4;
    %load/vec4 v0x5563475995a0_0;
    %nor/r;
    %and;
    %flag_set/vec4 8;
    %jmp/0xz  T_5.2, 8;
    %pushi/vec4 0, 0, 1;
    %store/vec4 v0x5563475555d0_0, 0, 1;
    %pushi/vec4 1, 0, 1;
    %store/vec4 v0x556347599740_0, 0, 1;
    %pushi/vec4 0, 0, 1;
    %store/vec4 v0x5563475993d0_0, 0, 1;
    %jmp T_5.3;
T_5.2 ;
    %load/vec4 v0x556347599b40_0;
    %pushi/vec4 3, 0, 3;
    %cmp/e;
    %flag_get/vec4 4;
    %load/vec4 v0x5563475995a0_0;
    %nor/r;
    %and;
    %flag_set/vec4 8;
    %jmp/0xz  T_5.4, 8;
    %pushi/vec4 0, 0, 1;
    %store/vec4 v0x5563475555d0_0, 0, 1;
    %pushi/vec4 0, 0, 1;
    %store/vec4 v0x556347599740_0, 0, 1;
    %pushi/vec4 1, 0, 1;
    %store/vec4 v0x5563475993d0_0, 0, 1;
T_5.4 ;
T_5.3 ;
T_5.1 ;
    %jmp T_5;
    .thread T_5, $push;
# The file index is used to find the file name in the following table.
:file_names 3;
    "N/A";
    "<interactive>";
    "TLS.v";
