#! /usr/bin/vvp
:ivl_version "10.3 (stable)";
:ivl_delay_selection "TYPICAL";
:vpi_time_precision + 0;
:vpi_module "system";
:vpi_module "vhdl_sys";
:vpi_module "v2005_math";
:vpi_module "va_math";
S_0x56028329f0d0 .scope module, "LZ77_Decoder" "LZ77_Decoder" 2 1;
 .timescale 0 0;
    .port_info 0 /INPUT 1 "clk"
    .port_info 1 /INPUT 1 "reset"
    .port_info 2 /INPUT 4 "code_pos"
    .port_info 3 /INPUT 3 "code_len"
    .port_info 4 /INPUT 8 "chardata"
    .port_info 5 /OUTPUT 1 "encode"
    .port_info 6 /OUTPUT 1 "finish"
    .port_info 7 /OUTPUT 8 "char_nxt"
v0x5602832b3a70_0 .net *"_s0", 31 0, L_0x5602832f04e0;  1 drivers
L_0x7f462d5010f0 .functor BUFT 1, C4<0001>, C4<0>, C4<0>, C4<0>;
v0x5602832eec50_0 .net/2u *"_s10", 3 0, L_0x7f462d5010f0;  1 drivers
v0x5602832eed30_0 .net *"_s12", 3 0, L_0x560283300720;  1 drivers
o0x7f462d54a0a8 .functor BUFZ 8, C4<zzzzzzzz>; HiZ drive
; Elide local net with no drivers, v0x5602832eedf0_0 name=_s17
v0x5602832eeed0_0 .net *"_s19", 0 0, L_0x560283300a30;  1 drivers
L_0x7f462d501138 .functor BUFT 1, C4<00000000>, C4<0>, C4<0>, C4<0>;
v0x5602832eefe0_0 .net/2u *"_s21", 7 0, L_0x7f462d501138;  1 drivers
L_0x7f462d501180 .functor BUFT 1, C4<00100100>, C4<0>, C4<0>, C4<0>;
v0x5602832ef0c0_0 .net/2u *"_s26", 7 0, L_0x7f462d501180;  1 drivers
v0x5602832ef1a0_0 .net *"_s28", 0 0, L_0x560283300d20;  1 drivers
L_0x7f462d501018 .functor BUFT 1, C4<0000000000000000000000000000>, C4<0>, C4<0>, C4<0>;
v0x5602832ef260_0 .net *"_s3", 27 0, L_0x7f462d501018;  1 drivers
L_0x7f462d5011c8 .functor BUFT 1, C4<01>, C4<0>, C4<0>, C4<0>;
v0x5602832ef340_0 .net/2s *"_s30", 1 0, L_0x7f462d5011c8;  1 drivers
L_0x7f462d501210 .functor BUFT 1, C4<00>, C4<0>, C4<0>, C4<0>;
v0x5602832ef420_0 .net/2s *"_s32", 1 0, L_0x7f462d501210;  1 drivers
v0x5602832ef500_0 .net *"_s34", 1 0, L_0x560283300e60;  1 drivers
L_0x7f462d501060 .functor BUFT 1, C4<00000000000000000000000000000000>, C4<0>, C4<0>, C4<0>;
v0x5602832ef5e0_0 .net/2u *"_s4", 31 0, L_0x7f462d501060;  1 drivers
v0x5602832ef6c0_0 .net *"_s6", 0 0, L_0x5602833005b0;  1 drivers
L_0x7f462d5010a8 .functor BUFT 1, C4<0000>, C4<0>, C4<0>, C4<0>;
v0x5602832ef780_0 .net/2u *"_s8", 3 0, L_0x7f462d5010a8;  1 drivers
v0x5602832ef860 .array "buff", 8 0, 7 0;
v0x5602832efa40_0 .net "char_nxt", 7 0, L_0x560283300b50;  1 drivers
o0x7f462d54a4c8 .functor BUFZ 8, C4<zzzzzzzz>; HiZ drive
v0x5602832efc30_0 .net "chardata", 7 0, o0x7f462d54a4c8;  0 drivers
o0x7f462d54a4f8 .functor BUFZ 1, C4<z>; HiZ drive
v0x5602832efd10_0 .net "clk", 0 0, o0x7f462d54a4f8;  0 drivers
v0x5602832efdd0_0 .var "cnt", 3 0;
o0x7f462d54a558 .functor BUFZ 3, C4<zzz>; HiZ drive
v0x5602832efeb0_0 .net "code_len", 2 0, o0x7f462d54a558;  0 drivers
o0x7f462d54a588 .functor BUFZ 4, C4<zzzz>; HiZ drive
v0x5602832eff90_0 .net "code_pos", 3 0, o0x7f462d54a588;  0 drivers
L_0x7f462d501258 .functor BUFT 1, C4<0>, C4<0>, C4<0>, C4<0>;
v0x5602832f0070_0 .net "encode", 0 0, L_0x7f462d501258;  1 drivers
v0x5602832f0130_0 .net "finish", 0 0, L_0x560283301040;  1 drivers
v0x5602832f01f0_0 .net "k", 3 0, L_0x560283300870;  1 drivers
o0x7f462d54a648 .functor BUFZ 1, C4<z>; HiZ drive
v0x5602832f02d0_0 .net "reset", 0 0, o0x7f462d54a648;  0 drivers
E_0x5602832d4fc0 .event posedge, v0x5602832f02d0_0, v0x5602832efd10_0;
E_0x5602832d50d0 .event posedge, v0x5602832efd10_0;
L_0x5602832f04e0 .concat [ 4 28 0 0], v0x5602832efdd0_0, L_0x7f462d501018;
L_0x5602833005b0 .cmp/eq 32, L_0x5602832f04e0, L_0x7f462d501060;
L_0x560283300720 .arith/sum 4, o0x7f462d54a588, L_0x7f462d5010f0;
L_0x560283300870 .functor MUXZ 4, L_0x560283300720, L_0x7f462d5010a8, L_0x5602833005b0, C4<>;
v0x5602832ef860_1 .array/port v0x5602832ef860, 1;
L_0x560283300a30 .cmp/eq 8, v0x5602832ef860_1, o0x7f462d54a0a8;
L_0x560283300b50 .functor MUXZ 8, v0x5602832ef860_1, L_0x7f462d501138, L_0x560283300a30, C4<>;
L_0x560283300d20 .cmp/eq 8, L_0x560283300b50, L_0x7f462d501180;
L_0x560283300e60 .functor MUXZ 2, L_0x7f462d501210, L_0x7f462d5011c8, L_0x560283300d20, C4<>;
L_0x560283301040 .part L_0x560283300e60, 0, 1;
    .scope S_0x56028329f0d0;
T_0 ;
    %wait E_0x5602832d50d0;
    %load/vec4 v0x5602832efc30_0;
    %ix/load 3, 0, 0;
    %flag_set/imm 4, 0;
    %ix/load 4, 0, 0; Constant delay
    %assign/vec4/a/d v0x5602832ef860, 0, 4;
    %load/vec4 v0x5602832f01f0_0;
    %pad/u 5;
    %ix/vec4 4;
    %load/vec4a v0x5602832ef860, 4;
    %ix/load 3, 1, 0;
    %flag_set/imm 4, 0;
    %ix/load 4, 0, 0; Constant delay
    %assign/vec4/a/d v0x5602832ef860, 0, 4;
    %ix/load 4, 1, 0;
    %flag_set/imm 4, 0;
    %load/vec4a v0x5602832ef860, 4;
    %ix/load 3, 2, 0;
    %flag_set/imm 4, 0;
    %ix/load 4, 0, 0; Constant delay
    %assign/vec4/a/d v0x5602832ef860, 0, 4;
    %ix/load 4, 2, 0;
    %flag_set/imm 4, 0;
    %load/vec4a v0x5602832ef860, 4;
    %ix/load 3, 3, 0;
    %flag_set/imm 4, 0;
    %ix/load 4, 0, 0; Constant delay
    %assign/vec4/a/d v0x5602832ef860, 0, 4;
    %ix/load 4, 3, 0;
    %flag_set/imm 4, 0;
    %load/vec4a v0x5602832ef860, 4;
    %ix/load 3, 4, 0;
    %flag_set/imm 4, 0;
    %ix/load 4, 0, 0; Constant delay
    %assign/vec4/a/d v0x5602832ef860, 0, 4;
    %ix/load 4, 4, 0;
    %flag_set/imm 4, 0;
    %load/vec4a v0x5602832ef860, 4;
    %ix/load 3, 5, 0;
    %flag_set/imm 4, 0;
    %ix/load 4, 0, 0; Constant delay
    %assign/vec4/a/d v0x5602832ef860, 0, 4;
    %ix/load 4, 5, 0;
    %flag_set/imm 4, 0;
    %load/vec4a v0x5602832ef860, 4;
    %ix/load 3, 6, 0;
    %flag_set/imm 4, 0;
    %ix/load 4, 0, 0; Constant delay
    %assign/vec4/a/d v0x5602832ef860, 0, 4;
    %ix/load 4, 6, 0;
    %flag_set/imm 4, 0;
    %load/vec4a v0x5602832ef860, 4;
    %ix/load 3, 7, 0;
    %flag_set/imm 4, 0;
    %ix/load 4, 0, 0; Constant delay
    %assign/vec4/a/d v0x5602832ef860, 0, 4;
    %ix/load 4, 7, 0;
    %flag_set/imm 4, 0;
    %load/vec4a v0x5602832ef860, 4;
    %ix/load 3, 8, 0;
    %flag_set/imm 4, 0;
    %ix/load 4, 0, 0; Constant delay
    %assign/vec4/a/d v0x5602832ef860, 0, 4;
    %jmp T_0;
    .thread T_0;
    .scope S_0x56028329f0d0;
T_1 ;
    %wait E_0x5602832d4fc0;
    %load/vec4 v0x5602832f02d0_0;
    %flag_set/vec4 8;
    %jmp/0xz  T_1.0, 8;
    %pushi/vec4 0, 0, 4;
    %assign/vec4 v0x5602832efdd0_0, 0;
    %jmp T_1.1;
T_1.0 ;
    %load/vec4 v0x5602832efdd0_0;
    %load/vec4 v0x5602832efeb0_0;
    %pad/u 4;
    %cmp/e;
    %jmp/0xz  T_1.2, 4;
    %pushi/vec4 0, 0, 4;
    %assign/vec4 v0x5602832efdd0_0, 0;
    %jmp T_1.3;
T_1.2 ;
    %load/vec4 v0x5602832efdd0_0;
    %addi 1, 0, 4;
    %assign/vec4 v0x5602832efdd0_0, 0;
T_1.3 ;
T_1.1 ;
    %jmp T_1;
    .thread T_1;
# The file index is used to find the file name in the following table.
:file_names 3;
    "N/A";
    "<interactive>";
    "LZ77_Decoder.v";
