#! /usr/bin/vvp
:ivl_version "10.3 (stable)";
:ivl_delay_selection "TYPICAL";
:vpi_time_precision + 0;
:vpi_module "system";
:vpi_module "vhdl_sys";
:vpi_module "v2005_math";
:vpi_module "va_math";
S_0x555bc02b0180 .scope module, "BOE" "BOE" 2 1;
 .timescale 0 0;
    .port_info 0 /INPUT 1 "clk"
    .port_info 1 /INPUT 1 "rst"
    .port_info 2 /INPUT 3 "data_num"
    .port_info 3 /INPUT 8 "data_in"
    .port_info 4 /OUTPUT 11 "result"
P_0x555bc02a6c90 .param/l "IDLE" 0 2 11, C4<000>;
P_0x555bc02a6cd0 .param/l "READ" 0 2 12, C4<001>;
P_0x555bc02a6d10 .param/l "WRITE_MAX" 0 2 13, C4<010>;
P_0x555bc02a6d50 .param/l "WRITE_SORT" 0 2 15, C4<100>;
P_0x555bc02a6d90 .param/l "WRITE_SUM" 0 2 14, C4<011>;
v0x555bc02a73d0_0 .net *"_s10", 0 0, L_0x555bc02e66f0;  1 drivers
v0x555bc02a74d0_0 .net *"_s18", 0 0, L_0x555bc02e6950;  1 drivers
v0x555bc02aac90_0 .net *"_s2", 0 0, L_0x555bc02e6510;  1 drivers
v0x555bc02aad30_0 .net *"_s24", 0 0, L_0x555bc02e6bc0;  1 drivers
v0x555bc02ac3c0_0 .net *"_s28", 0 0, L_0x555bc02e6e40;  1 drivers
v0x555bc02ac460_0 .net "a_1", 7 0, L_0x555bc02e65b0;  1 drivers
v0x555bc02e52d0_0 .net "a_2", 7 0, L_0x555bc02e6790;  1 drivers
v0x555bc02e53b0_0 .net "a_3", 7 0, L_0x555bc02e69f0;  1 drivers
v0x555bc02e5490 .array "array", 5 0, 7 0;
v0x555bc02e5610 .array "array_sort", 5 0, 7 0;
v0x555bc02e5790_0 .net "b_1", 7 0, L_0x555bc02e6d00;  1 drivers
v0x555bc02e5870_0 .net "c", 7 0, L_0x555bc02e6f80;  1 drivers
o0x7f2cda0f3438 .functor BUFZ 1, C4<z>; HiZ drive
v0x555bc02e5950_0 .net "clk", 0 0, o0x7f2cda0f3438;  0 drivers
v0x555bc02e5a10_0 .var "cnt", 3 0;
v0x555bc02e5af0_0 .var "cnt_read", 3 0;
o0x7f2cda0f34c8 .functor BUFZ 8, C4<zzzzzzzz>; HiZ drive
v0x555bc02e5bd0_0 .net "data_in", 7 0, o0x7f2cda0f34c8;  0 drivers
o0x7f2cda0f34f8 .functor BUFZ 3, C4<zzz>; HiZ drive
v0x555bc02e5cb0_0 .net "data_num", 2 0, o0x7f2cda0f34f8;  0 drivers
v0x555bc02e5d90_0 .var/i "i", 31 0;
v0x555bc02e5e70_0 .var/i "j", 31 0;
v0x555bc02e5f50_0 .var "next_state", 2 0;
v0x555bc02e6030_0 .var "num", 2 0;
v0x555bc02e6110_0 .var "result", 10 0;
o0x7f2cda0f3618 .functor BUFZ 1, C4<z>; HiZ drive
v0x555bc02e61f0_0 .net "rst", 0 0, o0x7f2cda0f3618;  0 drivers
v0x555bc02e62b0_0 .var "state", 2 0;
v0x555bc02e6390_0 .var "temp", 7 0;
E_0x555bc02b44f0/0 .event edge, v0x555bc02e62b0_0, v0x555bc02e5af0_0, v0x555bc02e6030_0, v0x555bc02e5d90_0;
v0x555bc02e5490_0 .array/port v0x555bc02e5490, 0;
v0x555bc02e5490_1 .array/port v0x555bc02e5490, 1;
v0x555bc02e5490_2 .array/port v0x555bc02e5490, 2;
v0x555bc02e5490_3 .array/port v0x555bc02e5490, 3;
E_0x555bc02b44f0/1 .event edge, v0x555bc02e5490_0, v0x555bc02e5490_1, v0x555bc02e5490_2, v0x555bc02e5490_3;
v0x555bc02e5490_4 .array/port v0x555bc02e5490, 4;
v0x555bc02e5490_5 .array/port v0x555bc02e5490, 5;
v0x555bc02e5610_0 .array/port v0x555bc02e5610, 0;
E_0x555bc02b44f0/2 .event edge, v0x555bc02e5490_4, v0x555bc02e5490_5, v0x555bc02e5e70_0, v0x555bc02e5610_0;
v0x555bc02e5610_1 .array/port v0x555bc02e5610, 1;
v0x555bc02e5610_2 .array/port v0x555bc02e5610, 2;
v0x555bc02e5610_3 .array/port v0x555bc02e5610, 3;
v0x555bc02e5610_4 .array/port v0x555bc02e5610, 4;
E_0x555bc02b44f0/3 .event edge, v0x555bc02e5610_1, v0x555bc02e5610_2, v0x555bc02e5610_3, v0x555bc02e5610_4;
v0x555bc02e5610_5 .array/port v0x555bc02e5610, 5;
E_0x555bc02b44f0/4 .event edge, v0x555bc02e5610_5, v0x555bc02e6390_0;
E_0x555bc02b44f0 .event/or E_0x555bc02b44f0/0, E_0x555bc02b44f0/1, E_0x555bc02b44f0/2, E_0x555bc02b44f0/3, E_0x555bc02b44f0/4;
E_0x555bc02b47d0 .event posedge, v0x555bc02e61f0_0, v0x555bc02e5950_0;
E_0x555bc02b3be0/0 .event edge, v0x555bc02e61f0_0, v0x555bc02e62b0_0, v0x555bc02e5af0_0, v0x555bc02e6030_0;
E_0x555bc02b3be0/1 .event edge, v0x555bc02e5a10_0;
E_0x555bc02b3be0 .event/or E_0x555bc02b3be0/0, E_0x555bc02b3be0/1;
L_0x555bc02e6510 .cmp/gt 8, v0x555bc02e5490_0, v0x555bc02e5490_1;
L_0x555bc02e65b0 .functor MUXZ 8, v0x555bc02e5490_1, v0x555bc02e5490_0, L_0x555bc02e6510, C4<>;
L_0x555bc02e66f0 .cmp/gt 8, v0x555bc02e5490_2, v0x555bc02e5490_3;
L_0x555bc02e6790 .functor MUXZ 8, v0x555bc02e5490_3, v0x555bc02e5490_2, L_0x555bc02e66f0, C4<>;
L_0x555bc02e6950 .cmp/gt 8, v0x555bc02e5490_4, v0x555bc02e5490_5;
L_0x555bc02e69f0 .functor MUXZ 8, v0x555bc02e5490_5, v0x555bc02e5490_4, L_0x555bc02e6950, C4<>;
L_0x555bc02e6bc0 .cmp/gt 8, L_0x555bc02e65b0, L_0x555bc02e6790;
L_0x555bc02e6d00 .functor MUXZ 8, L_0x555bc02e6790, L_0x555bc02e65b0, L_0x555bc02e6bc0, C4<>;
L_0x555bc02e6e40 .cmp/gt 8, L_0x555bc02e6d00, L_0x555bc02e69f0;
L_0x555bc02e6f80 .functor MUXZ 8, L_0x555bc02e69f0, L_0x555bc02e6d00, L_0x555bc02e6e40, C4<>;
    .scope S_0x555bc02b0180;
T_0 ;
    %wait E_0x555bc02b47d0;
    %load/vec4 v0x555bc02e61f0_0;
    %flag_set/vec4 8;
    %jmp/0xz  T_0.0, 8;
    %pushi/vec4 0, 0, 3;
    %assign/vec4 v0x555bc02e62b0_0, 0;
    %jmp T_0.1;
T_0.0 ;
    %load/vec4 v0x555bc02e5f50_0;
    %assign/vec4 v0x555bc02e62b0_0, 0;
T_0.1 ;
    %jmp T_0;
    .thread T_0;
    .scope S_0x555bc02b0180;
T_1 ;
    %wait E_0x555bc02b3be0;
    %load/vec4 v0x555bc02e61f0_0;
    %flag_set/vec4 8;
    %jmp/0xz  T_1.0, 8;
    %pushi/vec4 0, 0, 3;
    %store/vec4 v0x555bc02e5f50_0, 0, 3;
    %jmp T_1.1;
T_1.0 ;
    %load/vec4 v0x555bc02e62b0_0;
    %dup/vec4;
    %pushi/vec4 0, 0, 3;
    %cmp/u;
    %jmp/1 T_1.2, 6;
    %dup/vec4;
    %pushi/vec4 1, 0, 3;
    %cmp/u;
    %jmp/1 T_1.3, 6;
    %dup/vec4;
    %pushi/vec4 2, 0, 3;
    %cmp/u;
    %jmp/1 T_1.4, 6;
    %dup/vec4;
    %pushi/vec4 3, 0, 3;
    %cmp/u;
    %jmp/1 T_1.5, 6;
    %dup/vec4;
    %pushi/vec4 4, 0, 3;
    %cmp/u;
    %jmp/1 T_1.6, 6;
    %pushi/vec4 0, 0, 3;
    %store/vec4 v0x555bc02e5f50_0, 0, 3;
    %jmp T_1.8;
T_1.2 ;
    %pushi/vec4 1, 0, 3;
    %store/vec4 v0x555bc02e5f50_0, 0, 3;
    %jmp T_1.8;
T_1.3 ;
    %load/vec4 v0x555bc02e5af0_0;
    %load/vec4 v0x555bc02e6030_0;
    %pad/u 4;
    %cmp/e;
    %jmp/0xz  T_1.9, 4;
    %pushi/vec4 2, 0, 3;
    %store/vec4 v0x555bc02e5f50_0, 0, 3;
    %jmp T_1.10;
T_1.9 ;
    %pushi/vec4 1, 0, 3;
    %store/vec4 v0x555bc02e5f50_0, 0, 3;
T_1.10 ;
    %jmp T_1.8;
T_1.4 ;
    %pushi/vec4 3, 0, 3;
    %store/vec4 v0x555bc02e5f50_0, 0, 3;
    %jmp T_1.8;
T_1.5 ;
    %pushi/vec4 4, 0, 3;
    %store/vec4 v0x555bc02e5f50_0, 0, 3;
    %jmp T_1.8;
T_1.6 ;
    %load/vec4 v0x555bc02e5a10_0;
    %load/vec4 v0x555bc02e6030_0;
    %pad/u 4;
    %cmp/e;
    %jmp/0xz  T_1.11, 4;
    %pushi/vec4 1, 0, 3;
    %store/vec4 v0x555bc02e5f50_0, 0, 3;
    %jmp T_1.12;
T_1.11 ;
    %pushi/vec4 4, 0, 3;
    %store/vec4 v0x555bc02e5f50_0, 0, 3;
T_1.12 ;
    %jmp T_1.8;
T_1.8 ;
    %pop/vec4 1;
T_1.1 ;
    %jmp T_1;
    .thread T_1, $push;
    .scope S_0x555bc02b0180;
T_2 ;
    %wait E_0x555bc02b47d0;
    %load/vec4 v0x555bc02e61f0_0;
    %flag_set/vec4 8;
    %jmp/0xz  T_2.0, 8;
    %pushi/vec4 0, 0, 32;
    %store/vec4 v0x555bc02e5d90_0, 0, 32;
T_2.2 ;
    %load/vec4 v0x555bc02e5d90_0;
    %cmpi/s 6, 0, 32;
    %jmp/0xz T_2.3, 5;
    %pushi/vec4 0, 0, 8;
    %ix/getv/s 3, v0x555bc02e5d90_0;
    %ix/load 4, 0, 0; Constant delay
    %assign/vec4/a/d v0x555bc02e5490, 0, 4;
    %load/vec4 v0x555bc02e5d90_0;
    %addi 1, 0, 32;
    %store/vec4 v0x555bc02e5d90_0, 0, 32;
    %jmp T_2.2;
T_2.3 ;
    %jmp T_2.1;
T_2.0 ;
    %load/vec4 v0x555bc02e5f50_0;
    %cmpi/e 1, 0, 3;
    %jmp/0xz  T_2.4, 4;
    %load/vec4 v0x555bc02e5af0_0;
    %pad/u 32;
    %cmpi/e 0, 0, 32;
    %jmp/0xz  T_2.6, 4;
    %load/vec4 v0x555bc02e5cb0_0;
    %assign/vec4 v0x555bc02e6030_0, 0;
    %load/vec4 v0x555bc02e5bd0_0;
    %ix/load 3, 0, 0;
    %flag_set/imm 4, 0;
    %ix/load 4, 0, 0; Constant delay
    %assign/vec4/a/d v0x555bc02e5490, 0, 4;
    %jmp T_2.7;
T_2.6 ;
    %load/vec4 v0x555bc02e5bd0_0;
    %ix/getv 3, v0x555bc02e5af0_0;
    %ix/load 4, 0, 0; Constant delay
    %assign/vec4/a/d v0x555bc02e5490, 0, 4;
T_2.7 ;
    %jmp T_2.5;
T_2.4 ;
    %load/vec4 v0x555bc02e62b0_0;
    %cmpi/e 4, 0, 3;
    %jmp/0xz  T_2.8, 4;
    %pushi/vec4 0, 0, 32;
    %store/vec4 v0x555bc02e5d90_0, 0, 32;
T_2.10 ;
    %load/vec4 v0x555bc02e5d90_0;
    %cmpi/s 6, 0, 32;
    %jmp/0xz T_2.11, 5;
    %pushi/vec4 0, 0, 8;
    %ix/getv/s 3, v0x555bc02e5d90_0;
    %ix/load 4, 0, 0; Constant delay
    %assign/vec4/a/d v0x555bc02e5490, 0, 4;
    %load/vec4 v0x555bc02e5d90_0;
    %addi 1, 0, 32;
    %store/vec4 v0x555bc02e5d90_0, 0, 32;
    %jmp T_2.10;
T_2.11 ;
T_2.8 ;
T_2.5 ;
T_2.1 ;
    %jmp T_2;
    .thread T_2;
    .scope S_0x555bc02b0180;
T_3 ;
    %wait E_0x555bc02b47d0;
    %load/vec4 v0x555bc02e5f50_0;
    %dup/vec4;
    %pushi/vec4 0, 0, 3;
    %cmp/u;
    %jmp/1 T_3.0, 6;
    %dup/vec4;
    %pushi/vec4 1, 0, 3;
    %cmp/u;
    %jmp/1 T_3.1, 6;
    %dup/vec4;
    %pushi/vec4 2, 0, 3;
    %cmp/u;
    %jmp/1 T_3.2, 6;
    %dup/vec4;
    %pushi/vec4 3, 0, 3;
    %cmp/u;
    %jmp/1 T_3.3, 6;
    %dup/vec4;
    %pushi/vec4 4, 0, 3;
    %cmp/u;
    %jmp/1 T_3.4, 6;
    %pushi/vec4 0, 0, 4;
    %assign/vec4 v0x555bc02e5a10_0, 0;
    %jmp T_3.6;
T_3.0 ;
    %pushi/vec4 0, 0, 4;
    %assign/vec4 v0x555bc02e5a10_0, 0;
    %pushi/vec4 0, 0, 4;
    %assign/vec4 v0x555bc02e5af0_0, 0;
    %jmp T_3.6;
T_3.1 ;
    %load/vec4 v0x555bc02e5af0_0;
    %load/vec4 v0x555bc02e6030_0;
    %pad/u 4;
    %cmp/e;
    %jmp/0xz  T_3.7, 4;
    %pushi/vec4 0, 0, 4;
    %assign/vec4 v0x555bc02e5af0_0, 0;
    %jmp T_3.8;
T_3.7 ;
    %load/vec4 v0x555bc02e5af0_0;
    %addi 1, 0, 4;
    %assign/vec4 v0x555bc02e5af0_0, 0;
T_3.8 ;
    %jmp T_3.6;
T_3.2 ;
    %pushi/vec4 0, 0, 4;
    %assign/vec4 v0x555bc02e5af0_0, 0;
    %pushi/vec4 0, 0, 4;
    %assign/vec4 v0x555bc02e5a10_0, 0;
    %jmp T_3.6;
T_3.3 ;
    %pushi/vec4 0, 0, 4;
    %assign/vec4 v0x555bc02e5a10_0, 0;
    %jmp T_3.6;
T_3.4 ;
    %load/vec4 v0x555bc02e5a10_0;
    %load/vec4 v0x555bc02e6030_0;
    %pad/u 4;
    %cmp/e;
    %jmp/0xz  T_3.9, 4;
    %pushi/vec4 0, 0, 4;
    %assign/vec4 v0x555bc02e5a10_0, 0;
    %jmp T_3.10;
T_3.9 ;
    %load/vec4 v0x555bc02e5a10_0;
    %addi 1, 0, 4;
    %assign/vec4 v0x555bc02e5a10_0, 0;
T_3.10 ;
    %jmp T_3.6;
T_3.6 ;
    %pop/vec4 1;
    %jmp T_3;
    .thread T_3;
    .scope S_0x555bc02b0180;
T_4 ;
    %wait E_0x555bc02b47d0;
    %load/vec4 v0x555bc02e5f50_0;
    %cmpi/e 2, 0, 3;
    %jmp/0xz  T_4.0, 4;
    %load/vec4 v0x555bc02e5870_0;
    %pad/u 11;
    %assign/vec4 v0x555bc02e6110_0, 0;
    %jmp T_4.1;
T_4.0 ;
    %load/vec4 v0x555bc02e5f50_0;
    %cmpi/e 3, 0, 3;
    %jmp/0xz  T_4.2, 4;
    %ix/load 4, 0, 0;
    %flag_set/imm 4, 0;
    %load/vec4a v0x555bc02e5490, 4;
    %pad/u 11;
    %ix/load 4, 1, 0;
    %flag_set/imm 4, 0;
    %load/vec4a v0x555bc02e5490, 4;
    %pad/u 11;
    %add;
    %ix/load 4, 2, 0;
    %flag_set/imm 4, 0;
    %load/vec4a v0x555bc02e5490, 4;
    %pad/u 11;
    %add;
    %ix/load 4, 3, 0;
    %flag_set/imm 4, 0;
    %load/vec4a v0x555bc02e5490, 4;
    %pad/u 11;
    %add;
    %ix/load 4, 4, 0;
    %flag_set/imm 4, 0;
    %load/vec4a v0x555bc02e5490, 4;
    %pad/u 11;
    %add;
    %ix/load 4, 5, 0;
    %flag_set/imm 4, 0;
    %load/vec4a v0x555bc02e5490, 4;
    %pad/u 11;
    %add;
    %store/vec4 v0x555bc02e6110_0, 0, 11;
    %jmp T_4.3;
T_4.2 ;
    %load/vec4 v0x555bc02e5f50_0;
    %cmpi/e 4, 0, 3;
    %jmp/0xz  T_4.4, 4;
    %load/vec4 v0x555bc02e6030_0;
    %pad/u 34;
    %subi 1, 0, 34;
    %load/vec4 v0x555bc02e5a10_0;
    %pad/u 34;
    %sub;
    %ix/vec4 4;
    %load/vec4a v0x555bc02e5610, 4;
    %pad/u 11;
    %store/vec4 v0x555bc02e6110_0, 0, 11;
T_4.4 ;
T_4.3 ;
T_4.1 ;
    %jmp T_4;
    .thread T_4;
    .scope S_0x555bc02b0180;
T_5 ;
    %wait E_0x555bc02b44f0;
    %load/vec4 v0x555bc02e62b0_0;
    %pushi/vec4 1, 0, 3;
    %cmp/e;
    %flag_get/vec4 4;
    %load/vec4 v0x555bc02e5af0_0;
    %load/vec4 v0x555bc02e6030_0;
    %pad/u 4;
    %cmp/e;
    %flag_get/vec4 4;
    %and;
    %flag_set/vec4 8;
    %jmp/0xz  T_5.0, 8;
    %pushi/vec4 0, 0, 32;
    %store/vec4 v0x555bc02e5d90_0, 0, 32;
T_5.2 ;
    %load/vec4 v0x555bc02e5d90_0;
    %cmpi/s 6, 0, 32;
    %jmp/0xz T_5.3, 5;
    %ix/getv/s 4, v0x555bc02e5d90_0;
    %load/vec4a v0x555bc02e5490, 4;
    %ix/getv/s 4, v0x555bc02e5d90_0;
    %store/vec4a v0x555bc02e5610, 4, 0;
    %load/vec4 v0x555bc02e5d90_0;
    %addi 1, 0, 32;
    %store/vec4 v0x555bc02e5d90_0, 0, 32;
    %jmp T_5.2;
T_5.3 ;
    %jmp T_5.1;
T_5.0 ;
    %pushi/vec4 6, 0, 32;
    %store/vec4 v0x555bc02e5d90_0, 0, 32;
T_5.4 ;
    %pushi/vec4 0, 0, 32;
    %load/vec4 v0x555bc02e5d90_0;
    %cmp/s;
    %jmp/0xz T_5.5, 5;
    %pushi/vec4 0, 0, 32;
    %store/vec4 v0x555bc02e5e70_0, 0, 32;
T_5.6 ;
    %load/vec4 v0x555bc02e5e70_0;
    %load/vec4 v0x555bc02e5d90_0;
    %cmp/s;
    %jmp/0xz T_5.7, 5;
    %ix/getv/s 4, v0x555bc02e5e70_0;
    %load/vec4a v0x555bc02e5610, 4;
    %load/vec4 v0x555bc02e5e70_0;
    %pad/s 33;
    %addi 1, 0, 33;
    %ix/vec4/s 4;
    %load/vec4a v0x555bc02e5610, 4;
    %cmp/u;
    %jmp/0xz  T_5.8, 5;
    %ix/getv/s 4, v0x555bc02e5e70_0;
    %load/vec4a v0x555bc02e5610, 4;
    %store/vec4 v0x555bc02e6390_0, 0, 8;
    %load/vec4 v0x555bc02e5e70_0;
    %pad/s 33;
    %addi 1, 0, 33;
    %ix/vec4/s 4;
    %load/vec4a v0x555bc02e5610, 4;
    %ix/getv/s 4, v0x555bc02e5e70_0;
    %store/vec4a v0x555bc02e5610, 4, 0;
    %load/vec4 v0x555bc02e6390_0;
    %load/vec4 v0x555bc02e5e70_0;
    %pad/s 33;
    %addi 1, 0, 33;
    %ix/vec4/s 4;
    %store/vec4a v0x555bc02e5610, 4, 0;
T_5.8 ;
    %load/vec4 v0x555bc02e5e70_0;
    %addi 1, 0, 32;
    %store/vec4 v0x555bc02e5e70_0, 0, 32;
    %jmp T_5.6;
T_5.7 ;
    %load/vec4 v0x555bc02e5d90_0;
    %subi 1, 0, 32;
    %store/vec4 v0x555bc02e5d90_0, 0, 32;
    %jmp T_5.4;
T_5.5 ;
T_5.1 ;
    %jmp T_5;
    .thread T_5, $push;
# The file index is used to find the file name in the following table.
:file_names 3;
    "N/A";
    "<interactive>";
    "BOE.v";
