Analysis & Synthesis report for LZ77_Encoder
Fri Apr 15 15:54:28 2022
Quartus II 64-Bit Version 13.0.1 Build 232 06/12/2013 Service Pack 1 SJ Web Edition


---------------------
; Table of Contents ;
---------------------
  1. Legal Notice
  2. Analysis & Synthesis Summary
  3. Analysis & Synthesis Settings
  4. Parallel Compilation
  5. Analysis & Synthesis Source Files Read
  6. Analysis & Synthesis Resource Usage Summary
  7. Analysis & Synthesis Resource Utilization by Entity
  8. State Machine - |LZ77_Encoder|state
  9. Registers Removed During Synthesis
 10. Removed Registers Triggering Further Register Optimizations
 11. General Register Statistics
 12. Inverted Register Statistics
 13. Multiplexer Restructuring Statistics (Restructuring Performed)
 14. Parameter Settings for User Entity Instance: Top-level Entity: |LZ77_Encoder
 15. Elapsed Time Per Partition
 16. Analysis & Synthesis Messages
 17. Analysis & Synthesis Suppressed Messages



----------------
; Legal Notice ;
----------------
Copyright (C) 1991-2013 Altera Corporation
Your use of Altera Corporation's design tools, logic functions 
and other software and tools, and its AMPP partner logic 
functions, and any output files from any of the foregoing 
(including device programming or simulation files), and any 
associated documentation or information are expressly subject 
to the terms and conditions of the Altera Program License 
Subscription Agreement, Altera MegaCore Function License 
Agreement, or other applicable license agreement, including, 
without limitation, that your use is for the sole purpose of 
programming logic devices manufactured by Altera and sold by 
Altera or its authorized distributors.  Please refer to the 
applicable agreement for further details.



+--------------------------------------------------------------------------------------+
; Analysis & Synthesis Summary                                                         ;
+------------------------------------+-------------------------------------------------+
; Analysis & Synthesis Status        ; Successful - Fri Apr 15 15:54:28 2022           ;
; Quartus II 64-Bit Version          ; 13.0.1 Build 232 06/12/2013 SP 1 SJ Web Edition ;
; Revision Name                      ; LZ77_Encoder                                    ;
; Top-level Entity Name              ; LZ77_Encoder                                    ;
; Family                             ; Cyclone II                                      ;
; Total logic elements               ; 29,572                                          ;
;     Total combinational functions  ; 13,173                                          ;
;     Dedicated logic registers      ; 16,494                                          ;
; Total registers                    ; 16494                                           ;
; Total pins                         ; 28                                              ;
; Total virtual pins                 ; 0                                               ;
; Total memory bits                  ; 0                                               ;
; Embedded Multiplier 9-bit elements ; 0                                               ;
; Total PLLs                         ; 0                                               ;
+------------------------------------+-------------------------------------------------+


+----------------------------------------------------------------------------------------------------------------------+
; Analysis & Synthesis Settings                                                                                        ;
+----------------------------------------------------------------------------+--------------------+--------------------+
; Option                                                                     ; Setting            ; Default Value      ;
+----------------------------------------------------------------------------+--------------------+--------------------+
; Device                                                                     ; EP2C70F896C8       ;                    ;
; Top-level entity name                                                      ; LZ77_Encoder       ; LZ77_Encoder       ;
; Family name                                                                ; Cyclone II         ; Cyclone IV GX      ;
; Use smart compilation                                                      ; Off                ; Off                ;
; Enable parallel Assembler and TimeQuest Timing Analyzer during compilation ; On                 ; On                 ;
; Enable compact report table                                                ; Off                ; Off                ;
; Restructure Multiplexers                                                   ; Auto               ; Auto               ;
; Create Debugging Nodes for IP Cores                                        ; Off                ; Off                ;
; Preserve fewer node names                                                  ; On                 ; On                 ;
; Disable OpenCore Plus hardware evaluation                                  ; Off                ; Off                ;
; Verilog Version                                                            ; Verilog_2001       ; Verilog_2001       ;
; VHDL Version                                                               ; VHDL_1993          ; VHDL_1993          ;
; State Machine Processing                                                   ; Auto               ; Auto               ;
; Safe State Machine                                                         ; Off                ; Off                ;
; Extract Verilog State Machines                                             ; On                 ; On                 ;
; Extract VHDL State Machines                                                ; On                 ; On                 ;
; Ignore Verilog initial constructs                                          ; Off                ; Off                ;
; Iteration limit for constant Verilog loops                                 ; 5000               ; 5000               ;
; Iteration limit for non-constant Verilog loops                             ; 250                ; 250                ;
; Add Pass-Through Logic to Inferred RAMs                                    ; On                 ; On                 ;
; Infer RAMs from Raw Logic                                                  ; On                 ; On                 ;
; Parallel Synthesis                                                         ; On                 ; On                 ;
; DSP Block Balancing                                                        ; Auto               ; Auto               ;
; NOT Gate Push-Back                                                         ; On                 ; On                 ;
; Power-Up Don't Care                                                        ; On                 ; On                 ;
; Remove Redundant Logic Cells                                               ; Off                ; Off                ;
; Remove Duplicate Registers                                                 ; On                 ; On                 ;
; Ignore CARRY Buffers                                                       ; Off                ; Off                ;
; Ignore CASCADE Buffers                                                     ; Off                ; Off                ;
; Ignore GLOBAL Buffers                                                      ; Off                ; Off                ;
; Ignore ROW GLOBAL Buffers                                                  ; Off                ; Off                ;
; Ignore LCELL Buffers                                                       ; Off                ; Off                ;
; Ignore SOFT Buffers                                                        ; On                 ; On                 ;
; Limit AHDL Integers to 32 Bits                                             ; Off                ; Off                ;
; Optimization Technique                                                     ; Balanced           ; Balanced           ;
; Carry Chain Length                                                         ; 70                 ; 70                 ;
; Auto Carry Chains                                                          ; On                 ; On                 ;
; Auto Open-Drain Pins                                                       ; On                 ; On                 ;
; Perform WYSIWYG Primitive Resynthesis                                      ; Off                ; Off                ;
; Auto ROM Replacement                                                       ; On                 ; On                 ;
; Auto RAM Replacement                                                       ; On                 ; On                 ;
; Auto Shift Register Replacement                                            ; Auto               ; Auto               ;
; Allow Shift Register Merging across Hierarchies                            ; Auto               ; Auto               ;
; Auto Clock Enable Replacement                                              ; On                 ; On                 ;
; Strict RAM Replacement                                                     ; Off                ; Off                ;
; Allow Synchronous Control Signals                                          ; On                 ; On                 ;
; Force Use of Synchronous Clear Signals                                     ; Off                ; Off                ;
; Auto RAM to Logic Cell Conversion                                          ; Off                ; Off                ;
; Auto Resource Sharing                                                      ; Off                ; Off                ;
; Allow Any RAM Size For Recognition                                         ; Off                ; Off                ;
; Allow Any ROM Size For Recognition                                         ; Off                ; Off                ;
; Allow Any Shift Register Size For Recognition                              ; Off                ; Off                ;
; Use LogicLock Constraints during Resource Balancing                        ; On                 ; On                 ;
; Ignore translate_off and synthesis_off directives                          ; Off                ; Off                ;
; Timing-Driven Synthesis                                                    ; Off                ; Off                ;
; Report Parameter Settings                                                  ; On                 ; On                 ;
; Report Source Assignments                                                  ; On                 ; On                 ;
; Report Connectivity Checks                                                 ; On                 ; On                 ;
; Ignore Maximum Fan-Out Assignments                                         ; Off                ; Off                ;
; Synchronization Register Chain Length                                      ; 2                  ; 2                  ;
; PowerPlay Power Optimization                                               ; Normal compilation ; Normal compilation ;
; HDL message level                                                          ; Level2             ; Level2             ;
; Suppress Register Optimization Related Messages                            ; Off                ; Off                ;
; Number of Removed Registers Reported in Synthesis Report                   ; 5000               ; 5000               ;
; Number of Swept Nodes Reported in Synthesis Report                         ; 5000               ; 5000               ;
; Number of Inverted Registers Reported in Synthesis Report                  ; 100                ; 100                ;
; Clock MUX Protection                                                       ; On                 ; On                 ;
; Auto Gated Clock Conversion                                                ; Off                ; Off                ;
; Block Design Naming                                                        ; Auto               ; Auto               ;
; SDC constraint protection                                                  ; Off                ; Off                ;
; Synthesis Effort                                                           ; Auto               ; Auto               ;
; Shift Register Replacement - Allow Asynchronous Clear Signal               ; On                 ; On                 ;
; Pre-Mapping Resynthesis Optimization                                       ; Off                ; Off                ;
; Analysis & Synthesis Message Level                                         ; Medium             ; Medium             ;
; Disable Register Merging Across Hierarchies                                ; Auto               ; Auto               ;
; Resource Aware Inference For Block RAM                                     ; On                 ; On                 ;
; Synthesis Seed                                                             ; 1                  ; 1                  ;
+----------------------------------------------------------------------------+--------------------+--------------------+


Parallel compilation was disabled, but you have multiple processors available. Enable parallel compilation to reduce compilation time.
+-------------------------------------+
; Parallel Compilation                ;
+----------------------------+--------+
; Processors                 ; Number ;
+----------------------------+--------+
; Number detected on machine ; 12     ;
; Maximum allowed            ; 1      ;
+----------------------------+--------+


+------------------------------------------------------------------------------------------------------------------------------------------------------------------------+
; Analysis & Synthesis Source Files Read                                                                                                                                 ;
+----------------------------------+-----------------+------------------------+--------------------------------------------------------------------------------+---------+
; File Name with User-Entered Path ; Used in Netlist ; File Type              ; File Name with Absolute Path                                                   ; Library ;
+----------------------------------+-----------------+------------------------+--------------------------------------------------------------------------------+---------+
; LZ77_Encoder.v                   ; yes             ; User Verilog HDL File  ; C:/Users/bob90/verilog/IC_design_Homework/HW3/gatelevel/encoder/LZ77_Encoder.v ;         ;
+----------------------------------+-----------------+------------------------+--------------------------------------------------------------------------------+---------+


+------------------------------------------------------+
; Analysis & Synthesis Resource Usage Summary          ;
+---------------------------------------------+--------+
; Resource                                    ; Usage  ;
+---------------------------------------------+--------+
; Estimated Total logic elements              ; 29,572 ;
;                                             ;        ;
; Total combinational functions               ; 13173  ;
; Logic element usage by number of LUT inputs ;        ;
;     -- 4 input functions                    ; 11063  ;
;     -- 3 input functions                    ; 1565   ;
;     -- <=2 input functions                  ; 545    ;
;                                             ;        ;
; Logic elements by mode                      ;        ;
;     -- normal mode                          ; 13151  ;
;     -- arithmetic mode                      ; 22     ;
;                                             ;        ;
; Total registers                             ; 16494  ;
;     -- Dedicated logic registers            ; 16494  ;
;     -- I/O registers                        ; 0      ;
;                                             ;        ;
; I/O pins                                    ; 28     ;
; Embedded Multiplier 9-bit elements          ; 0      ;
; Maximum fan-out node                        ; clk    ;
; Maximum fan-out                             ; 16494  ;
; Total fan-out                               ; 99573  ;
; Average fan-out                             ; 3.35   ;
+---------------------------------------------+--------+


+------------------------------------------------------------------------------------------------------------------------------------------------------------------------------+
; Analysis & Synthesis Resource Utilization by Entity                                                                                                                          ;
+----------------------------+-------------------+---------------+-------------+--------------+---------+-----------+------+--------------+---------------------+--------------+
; Compilation Hierarchy Node ; LC Combinationals ; LC Registers  ; Memory Bits ; DSP Elements ; DSP 9x9 ; DSP 18x18 ; Pins ; Virtual Pins ; Full Hierarchy Name ; Library Name ;
+----------------------------+-------------------+---------------+-------------+--------------+---------+-----------+------+--------------+---------------------+--------------+
; |LZ77_Encoder              ; 13173 (13173)     ; 16494 (16494) ; 0           ; 0            ; 0       ; 0         ; 28   ; 0            ; |LZ77_Encoder       ; work         ;
+----------------------------+-------------------+---------------+-------------+--------------+---------+-----------+------+--------------+---------------------+--------------+
Note: For table entries with two numbers listed, the numbers in parentheses indicate the number of resources of the given type used by the specific entity alone. The numbers listed outside of parentheses indicate the total resources of the given type used by the specific entity and all of its sub-entities in the hierarchy.


Encoding Type:  One-Hot
+-------------------------------------------------------------------------------+
; State Machine - |LZ77_Encoder|state                                           ;
+--------------+-----------+-----------+------------+------------+--------------+
; Name         ; state.OUT ; state.CAL ; state.READ ; state.IDLE ; state.FINISH ;
+--------------+-----------+-----------+------------+------------+--------------+
; state.IDLE   ; 0         ; 0         ; 0          ; 0          ; 0            ;
; state.READ   ; 0         ; 0         ; 1          ; 1          ; 0            ;
; state.CAL    ; 0         ; 1         ; 0          ; 1          ; 0            ;
; state.OUT    ; 1         ; 0         ; 0          ; 1          ; 0            ;
; state.FINISH ; 0         ; 0         ; 0          ; 1          ; 1            ;
+--------------+-----------+-----------+------------+------------+--------------+


+---------------------------------------------------------------------------------+
; Registers Removed During Synthesis                                              ;
+----------------------------------------+----------------------------------------+
; Register name                          ; Reason for Removal                     ;
+----------------------------------------+----------------------------------------+
; match_len[1]~reg0                      ; Merged with match_len[0]~reg0          ;
; match_len[2]~reg0                      ; Merged with match_len[0]~reg0          ;
; match_len[0]~reg0                      ; Stuck at GND due to stuck port data_in ;
; buffer[8][7]                           ; Lost fanout                            ;
; buffer[8][6]                           ; Lost fanout                            ;
; buffer[8][5]                           ; Lost fanout                            ;
; buffer[8][4]                           ; Lost fanout                            ;
; buffer[8][3]                           ; Lost fanout                            ;
; buffer[8][2]                           ; Lost fanout                            ;
; buffer[8][1]                           ; Lost fanout                            ;
; buffer[8][0]                           ; Lost fanout                            ;
; buffer[9][7]                           ; Lost fanout                            ;
; buffer[9][6]                           ; Lost fanout                            ;
; buffer[9][5]                           ; Lost fanout                            ;
; buffer[9][4]                           ; Lost fanout                            ;
; buffer[9][3]                           ; Lost fanout                            ;
; buffer[9][2]                           ; Lost fanout                            ;
; buffer[9][1]                           ; Lost fanout                            ;
; buffer[9][0]                           ; Lost fanout                            ;
; buffer[10][7]                          ; Lost fanout                            ;
; buffer[10][6]                          ; Lost fanout                            ;
; buffer[10][5]                          ; Lost fanout                            ;
; buffer[10][4]                          ; Lost fanout                            ;
; buffer[10][3]                          ; Lost fanout                            ;
; buffer[10][2]                          ; Lost fanout                            ;
; buffer[10][1]                          ; Lost fanout                            ;
; buffer[10][0]                          ; Lost fanout                            ;
; buffer[11][7]                          ; Lost fanout                            ;
; buffer[11][6]                          ; Lost fanout                            ;
; buffer[11][5]                          ; Lost fanout                            ;
; buffer[11][4]                          ; Lost fanout                            ;
; buffer[11][3]                          ; Lost fanout                            ;
; buffer[11][2]                          ; Lost fanout                            ;
; buffer[11][1]                          ; Lost fanout                            ;
; buffer[11][0]                          ; Lost fanout                            ;
; buffer[12][7]                          ; Lost fanout                            ;
; buffer[12][6]                          ; Lost fanout                            ;
; buffer[12][5]                          ; Lost fanout                            ;
; buffer[12][4]                          ; Lost fanout                            ;
; buffer[12][3]                          ; Lost fanout                            ;
; buffer[12][2]                          ; Lost fanout                            ;
; buffer[12][1]                          ; Lost fanout                            ;
; buffer[12][0]                          ; Lost fanout                            ;
; buffer[13][7]                          ; Lost fanout                            ;
; buffer[13][6]                          ; Lost fanout                            ;
; buffer[13][5]                          ; Lost fanout                            ;
; buffer[13][4]                          ; Lost fanout                            ;
; buffer[13][3]                          ; Lost fanout                            ;
; buffer[13][2]                          ; Lost fanout                            ;
; buffer[13][1]                          ; Lost fanout                            ;
; buffer[13][0]                          ; Lost fanout                            ;
; buffer[14][7]                          ; Lost fanout                            ;
; buffer[14][6]                          ; Lost fanout                            ;
; buffer[14][5]                          ; Lost fanout                            ;
; buffer[14][4]                          ; Lost fanout                            ;
; buffer[14][3]                          ; Lost fanout                            ;
; buffer[14][2]                          ; Lost fanout                            ;
; buffer[14][1]                          ; Lost fanout                            ;
; buffer[14][0]                          ; Lost fanout                            ;
; buffer[15][7]                          ; Lost fanout                            ;
; buffer[15][6]                          ; Lost fanout                            ;
; buffer[15][5]                          ; Lost fanout                            ;
; buffer[15][4]                          ; Lost fanout                            ;
; buffer[15][3]                          ; Lost fanout                            ;
; buffer[15][2]                          ; Lost fanout                            ;
; buffer[15][1]                          ; Lost fanout                            ;
; buffer[15][0]                          ; Lost fanout                            ;
; buffer[16][7]                          ; Lost fanout                            ;
; buffer[16][6]                          ; Lost fanout                            ;
; buffer[16][5]                          ; Lost fanout                            ;
; buffer[16][4]                          ; Lost fanout                            ;
; buffer[16][3]                          ; Lost fanout                            ;
; buffer[16][2]                          ; Lost fanout                            ;
; buffer[16][1]                          ; Lost fanout                            ;
; buffer[16][0]                          ; Lost fanout                            ;
; offset[1]~reg0                         ; Merged with offset[0]~reg0             ;
; offset[2]~reg0                         ; Merged with offset[0]~reg0             ;
; offset[3]~reg0                         ; Merged with offset[0]~reg0             ;
; offset[0]~reg0                         ; Stuck at GND due to stuck port data_in ;
; state~4                                ; Lost fanout                            ;
; state~5                                ; Lost fanout                            ;
; str_ptr[12]                            ; Lost fanout                            ;
; Total Number of Removed Registers = 82 ;                                        ;
+----------------------------------------+----------------------------------------+


+-------------------------------------------------------------------------------------------------------------------------------------------+
; Removed Registers Triggering Further Register Optimizations                                                                               ;
+-------------------+---------------------------+-------------------------------------------------------------------------------------------+
; Register name     ; Reason for Removal        ; Registers Removed due to This Register                                                    ;
+-------------------+---------------------------+-------------------------------------------------------------------------------------------+
; match_len[0]~reg0 ; Stuck at GND              ; buffer[9][7], buffer[9][6], buffer[9][5], buffer[9][4], buffer[9][3], buffer[9][2],       ;
;                   ; due to stuck port data_in ; buffer[9][1], buffer[9][0], buffer[11][7], buffer[11][6], buffer[11][5], buffer[11][4],   ;
;                   ;                           ; buffer[11][3], buffer[11][2], buffer[11][1], buffer[11][0], buffer[15][7], buffer[15][6], ;
;                   ;                           ; buffer[15][5], buffer[15][4], buffer[15][3], buffer[15][2], buffer[15][1], buffer[15][0], ;
;                   ;                           ; offset[0]~reg0                                                                            ;
+-------------------+---------------------------+-------------------------------------------------------------------------------------------+


+------------------------------------------------------+
; General Register Statistics                          ;
+----------------------------------------------+-------+
; Statistic                                    ; Value ;
+----------------------------------------------+-------+
; Total registers                              ; 16494 ;
; Number of registers using Synchronous Clear  ; 13    ;
; Number of registers using Synchronous Load   ; 8     ;
; Number of registers using Asynchronous Clear ; 38    ;
; Number of registers using Asynchronous Load  ; 0     ;
; Number of registers using Clock Enable       ; 16475 ;
; Number of registers using Preset             ; 0     ;
+----------------------------------------------+-------+


+--------------------------------------------------+
; Inverted Register Statistics                     ;
+----------------------------------------+---------+
; Inverted Register                      ; Fan out ;
+----------------------------------------+---------+
; str_ptr[3]                             ; 1614    ;
; str[2048][2]                           ; 1       ;
; str[2048][5]                           ; 1       ;
; Total number of inverted registers = 3 ;         ;
+----------------------------------------+---------+


+----------------------------------------------------------------------------------------------------------------------------------------------+
; Multiplexer Restructuring Statistics (Restructuring Performed)                                                                               ;
+--------------------+-----------+---------------+----------------------+------------------------+------------+--------------------------------+
; Multiplexer Inputs ; Bus Width ; Baseline Area ; Area if Restructured ; Saving if Restructured ; Registered ; Example Multiplexer Output     ;
+--------------------+-----------+---------------+----------------------+------------------------+------------+--------------------------------+
; 3:1                ; 56 bits   ; 112 LEs       ; 56 LEs               ; 56 LEs                 ; Yes        ; |LZ77_Encoder|buffer[3][1]     ;
; 3:1                ; 8 bits    ; 16 LEs        ; 0 LEs                ; 16 LEs                 ; Yes        ; |LZ77_Encoder|char_nxt[7]~reg0 ;
; 4:1                ; 13 bits   ; 26 LEs        ; 13 LEs               ; 13 LEs                 ; Yes        ; |LZ77_Encoder|cnt[12]          ;
; 2051:1             ; 8 bits    ; 10936 LEs     ; 10928 LEs            ; 8 LEs                  ; Yes        ; |LZ77_Encoder|buffer[0][0]     ;
+--------------------+-----------+---------------+----------------------+------------------------+------------+--------------------------------+


+------------------------------------------------------------------------------+
; Parameter Settings for User Entity Instance: Top-level Entity: |LZ77_Encoder ;
+----------------+-------+-----------------------------------------------------+
; Parameter Name ; Value ; Type                                                ;
+----------------+-------+-----------------------------------------------------+
; IDLE           ; 000   ; Unsigned Binary                                     ;
; READ           ; 001   ; Unsigned Binary                                     ;
; CAL            ; 010   ; Unsigned Binary                                     ;
; OUT            ; 011   ; Unsigned Binary                                     ;
; FINISH         ; 100   ; Unsigned Binary                                     ;
+----------------+-------+-----------------------------------------------------+
Note: In order to hide this table in the UI and the text report file, please set the "Show Parameter Settings in Synthesis Report" option in "Analysis and Synthesis Settings -> More Settings" to "Off".


+-------------------------------+
; Elapsed Time Per Partition    ;
+----------------+--------------+
; Partition Name ; Elapsed Time ;
+----------------+--------------+
; Top            ; 00:00:59     ;
+----------------+--------------+


+-------------------------------+
; Analysis & Synthesis Messages ;
+-------------------------------+
Info: *******************************************************************
Info: Running Quartus II 64-Bit Analysis & Synthesis
    Info: Version 13.0.1 Build 232 06/12/2013 Service Pack 1 SJ Web Edition
    Info: Processing started: Fri Apr 15 15:53:22 2022
Info: Command: quartus_map --read_settings_files=on --write_settings_files=off LZ77_Encoder -c LZ77_Encoder
Warning (20028): Parallel compilation is not licensed and has been disabled
Info (12021): Found 1 design units, including 1 entities, in source file lz77_encoder.v
    Info (12023): Found entity 1: LZ77_Encoder
Info (12127): Elaborating entity "LZ77_Encoder" for the top level hierarchy
Warning (10858): Verilog HDL warning at LZ77_Encoder.v(29): object match_len_tmp used but never assigned
Warning (10036): Verilog HDL or VHDL warning at LZ77_Encoder.v(30): object "match" assigned a value but never read
Warning (10230): Verilog HDL assignment warning at LZ77_Encoder.v(84): truncated value with size 32 to match size of target (13)
Warning (10230): Verilog HDL assignment warning at LZ77_Encoder.v(104): truncated value with size 32 to match size of target (13)
Warning (10230): Verilog HDL assignment warning at LZ77_Encoder.v(132): truncated value with size 4 to match size of target (3)
Warning (10230): Verilog HDL assignment warning at LZ77_Encoder.v(133): truncated value with size 32 to match size of target (4)
Warning (10027): Verilog HDL or VHDL warning at the LZ77_Encoder.v(153): index expression is not wide enough to address all of the elements in the array
Warning (10027): Verilog HDL or VHDL warning at the LZ77_Encoder.v(154): index expression is not wide enough to address all of the elements in the array
Warning (10027): Verilog HDL or VHDL warning at the LZ77_Encoder.v(155): index expression is not wide enough to address all of the elements in the array
Warning (10027): Verilog HDL or VHDL warning at the LZ77_Encoder.v(156): index expression is not wide enough to address all of the elements in the array
Warning (10027): Verilog HDL or VHDL warning at the LZ77_Encoder.v(157): index expression is not wide enough to address all of the elements in the array
Warning (10027): Verilog HDL or VHDL warning at the LZ77_Encoder.v(158): index expression is not wide enough to address all of the elements in the array
Warning (10027): Verilog HDL or VHDL warning at the LZ77_Encoder.v(159): index expression is not wide enough to address all of the elements in the array
Warning (10027): Verilog HDL or VHDL warning at the LZ77_Encoder.v(160): index expression is not wide enough to address all of the elements in the array
Warning (10027): Verilog HDL or VHDL warning at the LZ77_Encoder.v(161): index expression is not wide enough to address all of the elements in the array
Warning (10030): Net "match_len_tmp" at LZ77_Encoder.v(29) has no driver or initial value, using a default initial value '0'
Info (13000): Registers with preset signals will power-up high
Info (13003): DEV_CLRn pin will set, and not reset, register with preset signal due to NOT Gate Push-Back
Warning (13024): Output pins are stuck at VCC or GND
    Warning (13410): Pin "offset[0]" is stuck at GND
    Warning (13410): Pin "offset[1]" is stuck at GND
    Warning (13410): Pin "offset[2]" is stuck at GND
    Warning (13410): Pin "offset[3]" is stuck at GND
    Warning (13410): Pin "match_len[0]" is stuck at GND
    Warning (13410): Pin "match_len[1]" is stuck at GND
    Warning (13410): Pin "match_len[2]" is stuck at GND
Info (17049): 75 registers lost all their fanouts during netlist optimizations.
Info (144001): Generated suppressed messages file C:/Users/bob90/verilog/IC_design_Homework/HW3/gatelevel/encoder/output_files/LZ77_Encoder.map.smsg
Info (16010): Generating hard_block partition "hard_block:auto_generated_inst"
    Info (16011): Adding 0 node(s), including 0 DDIO, 0 PLL, 0 transceiver and 0 LCELL
Info (21057): Implemented 29604 device resources after synthesis - the final resource count might be different
    Info (21058): Implemented 10 input pins
    Info (21059): Implemented 18 output pins
    Info (21061): Implemented 29576 logic cells
Info: Quartus II 64-Bit Analysis & Synthesis was successful. 0 errors, 25 warnings
    Info: Peak virtual memory: 4804 megabytes
    Info: Processing ended: Fri Apr 15 15:54:28 2022
    Info: Elapsed time: 00:01:06
    Info: Total CPU time (on all processors): 00:01:07


+------------------------------------------+
; Analysis & Synthesis Suppressed Messages ;
+------------------------------------------+
The suppressed messages can be found in C:/Users/bob90/verilog/IC_design_Homework/HW3/gatelevel/encoder/output_files/LZ77_Encoder.map.smsg.


