#! /usr/bin/vvp
:ivl_version "10.3 (stable)";
:ivl_delay_selection "TYPICAL";
:vpi_time_precision + 0;
:vpi_module "system";
:vpi_module "vhdl_sys";
:vpi_module "v2005_math";
:vpi_module "va_math";
S_0x5634c8257880 .scope module, "RCA" "RCA" 2 2;
 .timescale 0 0;
    .port_info 0 /OUTPUT 8 "s"
    .port_info 1 /OUTPUT 1 "Carry_out"
    .port_info 2 /INPUT 8 "x"
    .port_info 3 /INPUT 8 "y"
    .port_info 4 /INPUT 1 "Carry_in"
o0x7f58dbc11e48 .functor BUFZ 1, C4<z>; HiZ drive
v0x5634c827e020_0 .net "Carry_in", 0 0, o0x7f58dbc11e48;  0 drivers
o0x7f58dbc11e78 .functor BUFZ 1, C4<z>; HiZ drive
v0x5634c827e0e0_0 .net "Carry_out", 0 0, o0x7f58dbc11e78;  0 drivers
v0x5634c827e1a0 .array "carry_bit", 6 0;
v0x5634c827e1a0_0 .net v0x5634c827e1a0 0, 0 0, L_0x5634c827eb70; 1 drivers
v0x5634c827e1a0_1 .net v0x5634c827e1a0 1, 0 0, L_0x5634c827f200; 1 drivers
v0x5634c827e1a0_2 .net v0x5634c827e1a0 2, 0 0, L_0x5634c827f980; 1 drivers
v0x5634c827e1a0_3 .net v0x5634c827e1a0 3, 0 0, L_0x5634c82800c0; 1 drivers
v0x5634c827e1a0_4 .net v0x5634c827e1a0 4, 0 0, L_0x5634c82808e0; 1 drivers
v0x5634c827e1a0_5 .net v0x5634c827e1a0 5, 0 0, L_0x5634c8280ff0; 1 drivers
v0x5634c827e1a0_6 .net v0x5634c827e1a0 6, 0 0, L_0x5634c8281710; 1 drivers
o0x7f58dbc101f8 .functor BUFZ 1, C4<z>; HiZ drive
v0x5634c827e240_0 .net "carry_in", 0 0, o0x7f58dbc101f8;  0 drivers
v0x5634c827e330_0 .net "carry_out", 0 0, L_0x5634c8281e20;  1 drivers
v0x5634c827e420_0 .net "s", 7 0, L_0x5634c8281f20;  1 drivers
o0x7f58dbc11ed8 .functor BUFZ 8, C4<zzzzzzzz>; HiZ drive
v0x5634c827e4c0_0 .net "x", 7 0, o0x7f58dbc11ed8;  0 drivers
o0x7f58dbc11f08 .functor BUFZ 8, C4<zzzzzzzz>; HiZ drive
v0x5634c827e5a0_0 .net "y", 7 0, o0x7f58dbc11f08;  0 drivers
L_0x5634c827ecb0 .part o0x7f58dbc11ed8, 0, 1;
L_0x5634c827ede0 .part o0x7f58dbc11f08, 0, 1;
L_0x5634c827f340 .part o0x7f58dbc11ed8, 1, 1;
L_0x5634c827f470 .part o0x7f58dbc11f08, 1, 1;
L_0x5634c827fac0 .part o0x7f58dbc11ed8, 2, 1;
L_0x5634c827fbf0 .part o0x7f58dbc11f08, 2, 1;
L_0x5634c8280200 .part o0x7f58dbc11ed8, 3, 1;
L_0x5634c82803c0 .part o0x7f58dbc11f08, 3, 1;
L_0x5634c8280a20 .part o0x7f58dbc11ed8, 4, 1;
L_0x5634c8280b50 .part o0x7f58dbc11f08, 4, 1;
L_0x5634c8281130 .part o0x7f58dbc11ed8, 5, 1;
L_0x5634c8281260 .part o0x7f58dbc11f08, 5, 1;
L_0x5634c8281850 .part o0x7f58dbc11ed8, 6, 1;
L_0x5634c8281980 .part o0x7f58dbc11f08, 6, 1;
LS_0x5634c8281f20_0_0 .concat8 [ 1 1 1 1], L_0x5634c827e950, L_0x5634c827f030, L_0x5634c827f760, L_0x5634c827fea0;
LS_0x5634c8281f20_0_4 .concat8 [ 1 1 1 1], L_0x5634c8280710, L_0x5634c8280e20, L_0x5634c8281540, L_0x5634c8281c00;
L_0x5634c8281f20 .concat8 [ 4 4 0 0], LS_0x5634c8281f20_0_0, LS_0x5634c8281f20_0_4;
L_0x5634c8282010 .part o0x7f58dbc11ed8, 7, 1;
L_0x5634c82822e0 .part o0x7f58dbc11f08, 7, 1;
S_0x5634c824cb30 .scope module, "FA_0" "FA" 2 8, 3 2 0, S_0x5634c8257880;
 .timescale 0 0;
    .port_info 0 /OUTPUT 1 "s"
    .port_info 1 /OUTPUT 1 "Carry_out"
    .port_info 2 /INPUT 1 "x"
    .port_info 3 /INPUT 1 "y"
    .port_info 4 /INPUT 1 "Carry_in"
L_0x5634c827eb70 .functor OR 1, L_0x5634c827e870, L_0x5634c827ea50, C4<0>, C4<0>;
v0x5634c82744a0_0 .net "Carry_in", 0 0, o0x7f58dbc101f8;  alias, 0 drivers
v0x5634c8274560_0 .net "Carry_out", 0 0, L_0x5634c827eb70;  alias, 1 drivers
v0x5634c8274600_0 .net "c1", 0 0, L_0x5634c827e870;  1 drivers
v0x5634c8274700_0 .net "c2", 0 0, L_0x5634c827ea50;  1 drivers
v0x5634c82747d0_0 .net "s", 0 0, L_0x5634c827e950;  1 drivers
v0x5634c82748c0_0 .net "s1", 0 0, L_0x5634c827e720;  1 drivers
v0x5634c82749b0_0 .net "x", 0 0, L_0x5634c827ecb0;  1 drivers
v0x5634c8274a50_0 .net "y", 0 0, L_0x5634c827ede0;  1 drivers
S_0x5634c8257130 .scope module, "HA_1" "HA" 3 7, 4 1 0, S_0x5634c824cb30;
 .timescale 0 0;
    .port_info 0 /OUTPUT 1 "s"
    .port_info 1 /OUTPUT 1 "c"
    .port_info 2 /INPUT 1 "x"
    .port_info 3 /INPUT 1 "y"
L_0x5634c827e720 .functor XOR 1, L_0x5634c827ecb0, L_0x5634c827ede0, C4<0>, C4<0>;
L_0x5634c827e870 .functor AND 1, L_0x5634c827ecb0, L_0x5634c827ede0, C4<1>, C4<1>;
v0x5634c8252530_0 .net "c", 0 0, L_0x5634c827e870;  alias, 1 drivers
v0x5634c8250b70_0 .net "s", 0 0, L_0x5634c827e720;  alias, 1 drivers
v0x5634c824f1b0_0 .net "x", 0 0, L_0x5634c827ecb0;  alias, 1 drivers
v0x5634c824d7f0_0 .net "y", 0 0, L_0x5634c827ede0;  alias, 1 drivers
S_0x5634c8273f30 .scope module, "HA_2" "HA" 3 8, 4 1 0, S_0x5634c824cb30;
 .timescale 0 0;
    .port_info 0 /OUTPUT 1 "s"
    .port_info 1 /OUTPUT 1 "c"
    .port_info 2 /INPUT 1 "x"
    .port_info 3 /INPUT 1 "y"
L_0x5634c827e950 .functor XOR 1, o0x7f58dbc101f8, L_0x5634c827e720, C4<0>, C4<0>;
L_0x5634c827ea50 .functor AND 1, o0x7f58dbc101f8, L_0x5634c827e720, C4<1>, C4<1>;
v0x5634c824c1e0_0 .net "c", 0 0, L_0x5634c827ea50;  alias, 1 drivers
v0x5634c82741b0_0 .net "s", 0 0, L_0x5634c827e950;  alias, 1 drivers
v0x5634c8274270_0 .net "x", 0 0, o0x7f58dbc101f8;  alias, 0 drivers
v0x5634c8274340_0 .net "y", 0 0, L_0x5634c827e720;  alias, 1 drivers
S_0x5634c8274b50 .scope module, "FA_1" "FA" 2 9, 3 2 0, S_0x5634c8257880;
 .timescale 0 0;
    .port_info 0 /OUTPUT 1 "s"
    .port_info 1 /OUTPUT 1 "Carry_out"
    .port_info 2 /INPUT 1 "x"
    .port_info 3 /INPUT 1 "y"
    .port_info 4 /INPUT 1 "Carry_in"
L_0x5634c827f200 .functor OR 1, L_0x5634c827efa0, L_0x5634c827f170, C4<0>, C4<0>;
v0x5634c8275970_0 .net "Carry_in", 0 0, L_0x5634c827eb70;  alias, 1 drivers
v0x5634c8275a80_0 .net "Carry_out", 0 0, L_0x5634c827f200;  alias, 1 drivers
v0x5634c8275b40_0 .net "c1", 0 0, L_0x5634c827efa0;  1 drivers
v0x5634c8275be0_0 .net "c2", 0 0, L_0x5634c827f170;  1 drivers
v0x5634c8275cb0_0 .net "s", 0 0, L_0x5634c827f030;  1 drivers
v0x5634c8275da0_0 .net "s1", 0 0, L_0x5634c827ef10;  1 drivers
v0x5634c8275e90_0 .net "x", 0 0, L_0x5634c827f340;  1 drivers
v0x5634c8275f30_0 .net "y", 0 0, L_0x5634c827f470;  1 drivers
S_0x5634c8274d20 .scope module, "HA_1" "HA" 3 7, 4 1 0, S_0x5634c8274b50;
 .timescale 0 0;
    .port_info 0 /OUTPUT 1 "s"
    .port_info 1 /OUTPUT 1 "c"
    .port_info 2 /INPUT 1 "x"
    .port_info 3 /INPUT 1 "y"
L_0x5634c827ef10 .functor XOR 1, L_0x5634c827f340, L_0x5634c827f470, C4<0>, C4<0>;
L_0x5634c827efa0 .functor AND 1, L_0x5634c827f340, L_0x5634c827f470, C4<1>, C4<1>;
v0x5634c8274f90_0 .net "c", 0 0, L_0x5634c827efa0;  alias, 1 drivers
v0x5634c8275070_0 .net "s", 0 0, L_0x5634c827ef10;  alias, 1 drivers
v0x5634c8275130_0 .net "x", 0 0, L_0x5634c827f340;  alias, 1 drivers
v0x5634c8275200_0 .net "y", 0 0, L_0x5634c827f470;  alias, 1 drivers
S_0x5634c8275370 .scope module, "HA_2" "HA" 3 8, 4 1 0, S_0x5634c8274b50;
 .timescale 0 0;
    .port_info 0 /OUTPUT 1 "s"
    .port_info 1 /OUTPUT 1 "c"
    .port_info 2 /INPUT 1 "x"
    .port_info 3 /INPUT 1 "y"
L_0x5634c827f030 .functor XOR 1, L_0x5634c827eb70, L_0x5634c827ef10, C4<0>, C4<0>;
L_0x5634c827f170 .functor AND 1, L_0x5634c827eb70, L_0x5634c827ef10, C4<1>, C4<1>;
v0x5634c82755d0_0 .net "c", 0 0, L_0x5634c827f170;  alias, 1 drivers
v0x5634c8275690_0 .net "s", 0 0, L_0x5634c827f030;  alias, 1 drivers
v0x5634c8275750_0 .net "x", 0 0, L_0x5634c827eb70;  alias, 1 drivers
v0x5634c8275850_0 .net "y", 0 0, L_0x5634c827ef10;  alias, 1 drivers
S_0x5634c8276030 .scope module, "FA_2" "FA" 2 10, 3 2 0, S_0x5634c8257880;
 .timescale 0 0;
    .port_info 0 /OUTPUT 1 "s"
    .port_info 1 /OUTPUT 1 "Carry_out"
    .port_info 2 /INPUT 1 "x"
    .port_info 3 /INPUT 1 "y"
    .port_info 4 /INPUT 1 "Carry_in"
L_0x5634c827f980 .functor OR 1, L_0x5634c827f680, L_0x5634c827f8f0, C4<0>, C4<0>;
v0x5634c8276e60_0 .net "Carry_in", 0 0, L_0x5634c827f200;  alias, 1 drivers
v0x5634c8276f70_0 .net "Carry_out", 0 0, L_0x5634c827f980;  alias, 1 drivers
v0x5634c8277030_0 .net "c1", 0 0, L_0x5634c827f680;  1 drivers
v0x5634c82770d0_0 .net "c2", 0 0, L_0x5634c827f8f0;  1 drivers
v0x5634c82771a0_0 .net "s", 0 0, L_0x5634c827f760;  1 drivers
v0x5634c8277290_0 .net "s1", 0 0, L_0x5634c827f5a0;  1 drivers
v0x5634c8277380_0 .net "x", 0 0, L_0x5634c827fac0;  1 drivers
v0x5634c8277420_0 .net "y", 0 0, L_0x5634c827fbf0;  1 drivers
S_0x5634c8276230 .scope module, "HA_1" "HA" 3 7, 4 1 0, S_0x5634c8276030;
 .timescale 0 0;
    .port_info 0 /OUTPUT 1 "s"
    .port_info 1 /OUTPUT 1 "c"
    .port_info 2 /INPUT 1 "x"
    .port_info 3 /INPUT 1 "y"
L_0x5634c827f5a0 .functor XOR 1, L_0x5634c827fac0, L_0x5634c827fbf0, C4<0>, C4<0>;
L_0x5634c827f680 .functor AND 1, L_0x5634c827fac0, L_0x5634c827fbf0, C4<1>, C4<1>;
v0x5634c82764a0_0 .net "c", 0 0, L_0x5634c827f680;  alias, 1 drivers
v0x5634c8276560_0 .net "s", 0 0, L_0x5634c827f5a0;  alias, 1 drivers
v0x5634c8276620_0 .net "x", 0 0, L_0x5634c827fac0;  alias, 1 drivers
v0x5634c82766f0_0 .net "y", 0 0, L_0x5634c827fbf0;  alias, 1 drivers
S_0x5634c8276860 .scope module, "HA_2" "HA" 3 8, 4 1 0, S_0x5634c8276030;
 .timescale 0 0;
    .port_info 0 /OUTPUT 1 "s"
    .port_info 1 /OUTPUT 1 "c"
    .port_info 2 /INPUT 1 "x"
    .port_info 3 /INPUT 1 "y"
L_0x5634c827f760 .functor XOR 1, L_0x5634c827f200, L_0x5634c827f5a0, C4<0>, C4<0>;
L_0x5634c827f8f0 .functor AND 1, L_0x5634c827f200, L_0x5634c827f5a0, C4<1>, C4<1>;
v0x5634c8276ac0_0 .net "c", 0 0, L_0x5634c827f8f0;  alias, 1 drivers
v0x5634c8276b80_0 .net "s", 0 0, L_0x5634c827f760;  alias, 1 drivers
v0x5634c8276c40_0 .net "x", 0 0, L_0x5634c827f200;  alias, 1 drivers
v0x5634c8276d40_0 .net "y", 0 0, L_0x5634c827f5a0;  alias, 1 drivers
S_0x5634c8277520 .scope module, "FA_3" "FA" 2 11, 3 2 0, S_0x5634c8257880;
 .timescale 0 0;
    .port_info 0 /OUTPUT 1 "s"
    .port_info 1 /OUTPUT 1 "Carry_out"
    .port_info 2 /INPUT 1 "x"
    .port_info 3 /INPUT 1 "y"
    .port_info 4 /INPUT 1 "Carry_in"
L_0x5634c82800c0 .functor OR 1, L_0x5634c827fe10, L_0x5634c8280030, C4<0>, C4<0>;
v0x5634c82783c0_0 .net "Carry_in", 0 0, L_0x5634c827f980;  alias, 1 drivers
v0x5634c82784d0_0 .net "Carry_out", 0 0, L_0x5634c82800c0;  alias, 1 drivers
v0x5634c8278590_0 .net "c1", 0 0, L_0x5634c827fe10;  1 drivers
v0x5634c8278630_0 .net "c2", 0 0, L_0x5634c8280030;  1 drivers
v0x5634c8278700_0 .net "s", 0 0, L_0x5634c827fea0;  1 drivers
v0x5634c82787f0_0 .net "s1", 0 0, L_0x5634c827fd60;  1 drivers
v0x5634c82788e0_0 .net "x", 0 0, L_0x5634c8280200;  1 drivers
v0x5634c8278980_0 .net "y", 0 0, L_0x5634c82803c0;  1 drivers
S_0x5634c8277770 .scope module, "HA_1" "HA" 3 7, 4 1 0, S_0x5634c8277520;
 .timescale 0 0;
    .port_info 0 /OUTPUT 1 "s"
    .port_info 1 /OUTPUT 1 "c"
    .port_info 2 /INPUT 1 "x"
    .port_info 3 /INPUT 1 "y"
L_0x5634c827fd60 .functor XOR 1, L_0x5634c8280200, L_0x5634c82803c0, C4<0>, C4<0>;
L_0x5634c827fe10 .functor AND 1, L_0x5634c8280200, L_0x5634c82803c0, C4<1>, C4<1>;
v0x5634c82779e0_0 .net "c", 0 0, L_0x5634c827fe10;  alias, 1 drivers
v0x5634c8277ac0_0 .net "s", 0 0, L_0x5634c827fd60;  alias, 1 drivers
v0x5634c8277b80_0 .net "x", 0 0, L_0x5634c8280200;  alias, 1 drivers
v0x5634c8277c50_0 .net "y", 0 0, L_0x5634c82803c0;  alias, 1 drivers
S_0x5634c8277dc0 .scope module, "HA_2" "HA" 3 8, 4 1 0, S_0x5634c8277520;
 .timescale 0 0;
    .port_info 0 /OUTPUT 1 "s"
    .port_info 1 /OUTPUT 1 "c"
    .port_info 2 /INPUT 1 "x"
    .port_info 3 /INPUT 1 "y"
L_0x5634c827fea0 .functor XOR 1, L_0x5634c827f980, L_0x5634c827fd60, C4<0>, C4<0>;
L_0x5634c8280030 .functor AND 1, L_0x5634c827f980, L_0x5634c827fd60, C4<1>, C4<1>;
v0x5634c8278020_0 .net "c", 0 0, L_0x5634c8280030;  alias, 1 drivers
v0x5634c82780e0_0 .net "s", 0 0, L_0x5634c827fea0;  alias, 1 drivers
v0x5634c82781a0_0 .net "x", 0 0, L_0x5634c827f980;  alias, 1 drivers
v0x5634c82782a0_0 .net "y", 0 0, L_0x5634c827fd60;  alias, 1 drivers
S_0x5634c8278a80 .scope module, "FA_4" "FA" 2 12, 3 2 0, S_0x5634c8257880;
 .timescale 0 0;
    .port_info 0 /OUTPUT 1 "s"
    .port_info 1 /OUTPUT 1 "Carry_out"
    .port_info 2 /INPUT 1 "x"
    .port_info 3 /INPUT 1 "y"
    .port_info 4 /INPUT 1 "Carry_in"
L_0x5634c82808e0 .functor OR 1, L_0x5634c8280680, L_0x5634c8280850, C4<0>, C4<0>;
v0x5634c8279940_0 .net "Carry_in", 0 0, L_0x5634c82800c0;  alias, 1 drivers
v0x5634c8279a50_0 .net "Carry_out", 0 0, L_0x5634c82808e0;  alias, 1 drivers
v0x5634c8279b10_0 .net "c1", 0 0, L_0x5634c8280680;  1 drivers
v0x5634c8279bb0_0 .net "c2", 0 0, L_0x5634c8280850;  1 drivers
v0x5634c8279c80_0 .net "s", 0 0, L_0x5634c8280710;  1 drivers
v0x5634c8279d70_0 .net "s1", 0 0, L_0x5634c82805d0;  1 drivers
v0x5634c8279e60_0 .net "x", 0 0, L_0x5634c8280a20;  1 drivers
v0x5634c8279f00_0 .net "y", 0 0, L_0x5634c8280b50;  1 drivers
S_0x5634c8278d20 .scope module, "HA_1" "HA" 3 7, 4 1 0, S_0x5634c8278a80;
 .timescale 0 0;
    .port_info 0 /OUTPUT 1 "s"
    .port_info 1 /OUTPUT 1 "c"
    .port_info 2 /INPUT 1 "x"
    .port_info 3 /INPUT 1 "y"
L_0x5634c82805d0 .functor XOR 1, L_0x5634c8280a20, L_0x5634c8280b50, C4<0>, C4<0>;
L_0x5634c8280680 .functor AND 1, L_0x5634c8280a20, L_0x5634c8280b50, C4<1>, C4<1>;
v0x5634c8278f60_0 .net "c", 0 0, L_0x5634c8280680;  alias, 1 drivers
v0x5634c8279040_0 .net "s", 0 0, L_0x5634c82805d0;  alias, 1 drivers
v0x5634c8279100_0 .net "x", 0 0, L_0x5634c8280a20;  alias, 1 drivers
v0x5634c82791d0_0 .net "y", 0 0, L_0x5634c8280b50;  alias, 1 drivers
S_0x5634c8279340 .scope module, "HA_2" "HA" 3 8, 4 1 0, S_0x5634c8278a80;
 .timescale 0 0;
    .port_info 0 /OUTPUT 1 "s"
    .port_info 1 /OUTPUT 1 "c"
    .port_info 2 /INPUT 1 "x"
    .port_info 3 /INPUT 1 "y"
L_0x5634c8280710 .functor XOR 1, L_0x5634c82800c0, L_0x5634c82805d0, C4<0>, C4<0>;
L_0x5634c8280850 .functor AND 1, L_0x5634c82800c0, L_0x5634c82805d0, C4<1>, C4<1>;
v0x5634c82795a0_0 .net "c", 0 0, L_0x5634c8280850;  alias, 1 drivers
v0x5634c8279660_0 .net "s", 0 0, L_0x5634c8280710;  alias, 1 drivers
v0x5634c8279720_0 .net "x", 0 0, L_0x5634c82800c0;  alias, 1 drivers
v0x5634c8279820_0 .net "y", 0 0, L_0x5634c82805d0;  alias, 1 drivers
S_0x5634c827a000 .scope module, "FA_5" "FA" 2 13, 3 2 0, S_0x5634c8257880;
 .timescale 0 0;
    .port_info 0 /OUTPUT 1 "s"
    .port_info 1 /OUTPUT 1 "Carry_out"
    .port_info 2 /INPUT 1 "x"
    .port_info 3 /INPUT 1 "y"
    .port_info 4 /INPUT 1 "Carry_in"
L_0x5634c8280ff0 .functor OR 1, L_0x5634c8280d90, L_0x5634c8280f60, C4<0>, C4<0>;
v0x5634c827aea0_0 .net "Carry_in", 0 0, L_0x5634c82808e0;  alias, 1 drivers
v0x5634c827afb0_0 .net "Carry_out", 0 0, L_0x5634c8280ff0;  alias, 1 drivers
v0x5634c827b070_0 .net "c1", 0 0, L_0x5634c8280d90;  1 drivers
v0x5634c827b110_0 .net "c2", 0 0, L_0x5634c8280f60;  1 drivers
v0x5634c827b1e0_0 .net "s", 0 0, L_0x5634c8280e20;  1 drivers
v0x5634c827b2d0_0 .net "s1", 0 0, L_0x5634c8280ce0;  1 drivers
v0x5634c827b3c0_0 .net "x", 0 0, L_0x5634c8281130;  1 drivers
v0x5634c827b460_0 .net "y", 0 0, L_0x5634c8281260;  1 drivers
S_0x5634c827a250 .scope module, "HA_1" "HA" 3 7, 4 1 0, S_0x5634c827a000;
 .timescale 0 0;
    .port_info 0 /OUTPUT 1 "s"
    .port_info 1 /OUTPUT 1 "c"
    .port_info 2 /INPUT 1 "x"
    .port_info 3 /INPUT 1 "y"
L_0x5634c8280ce0 .functor XOR 1, L_0x5634c8281130, L_0x5634c8281260, C4<0>, C4<0>;
L_0x5634c8280d90 .functor AND 1, L_0x5634c8281130, L_0x5634c8281260, C4<1>, C4<1>;
v0x5634c827a4c0_0 .net "c", 0 0, L_0x5634c8280d90;  alias, 1 drivers
v0x5634c827a5a0_0 .net "s", 0 0, L_0x5634c8280ce0;  alias, 1 drivers
v0x5634c827a660_0 .net "x", 0 0, L_0x5634c8281130;  alias, 1 drivers
v0x5634c827a730_0 .net "y", 0 0, L_0x5634c8281260;  alias, 1 drivers
S_0x5634c827a8a0 .scope module, "HA_2" "HA" 3 8, 4 1 0, S_0x5634c827a000;
 .timescale 0 0;
    .port_info 0 /OUTPUT 1 "s"
    .port_info 1 /OUTPUT 1 "c"
    .port_info 2 /INPUT 1 "x"
    .port_info 3 /INPUT 1 "y"
L_0x5634c8280e20 .functor XOR 1, L_0x5634c82808e0, L_0x5634c8280ce0, C4<0>, C4<0>;
L_0x5634c8280f60 .functor AND 1, L_0x5634c82808e0, L_0x5634c8280ce0, C4<1>, C4<1>;
v0x5634c827ab00_0 .net "c", 0 0, L_0x5634c8280f60;  alias, 1 drivers
v0x5634c827abc0_0 .net "s", 0 0, L_0x5634c8280e20;  alias, 1 drivers
v0x5634c827ac80_0 .net "x", 0 0, L_0x5634c82808e0;  alias, 1 drivers
v0x5634c827ad80_0 .net "y", 0 0, L_0x5634c8280ce0;  alias, 1 drivers
S_0x5634c827b560 .scope module, "FA_6" "FA" 2 14, 3 2 0, S_0x5634c8257880;
 .timescale 0 0;
    .port_info 0 /OUTPUT 1 "s"
    .port_info 1 /OUTPUT 1 "Carry_out"
    .port_info 2 /INPUT 1 "x"
    .port_info 3 /INPUT 1 "y"
    .port_info 4 /INPUT 1 "Carry_in"
L_0x5634c8281710 .functor OR 1, L_0x5634c82814b0, L_0x5634c8281680, C4<0>, C4<0>;
v0x5634c827c400_0 .net "Carry_in", 0 0, L_0x5634c8280ff0;  alias, 1 drivers
v0x5634c827c510_0 .net "Carry_out", 0 0, L_0x5634c8281710;  alias, 1 drivers
v0x5634c827c5d0_0 .net "c1", 0 0, L_0x5634c82814b0;  1 drivers
v0x5634c827c670_0 .net "c2", 0 0, L_0x5634c8281680;  1 drivers
v0x5634c827c740_0 .net "s", 0 0, L_0x5634c8281540;  1 drivers
v0x5634c827c830_0 .net "s1", 0 0, L_0x5634c8281400;  1 drivers
v0x5634c827c920_0 .net "x", 0 0, L_0x5634c8281850;  1 drivers
v0x5634c827c9c0_0 .net "y", 0 0, L_0x5634c8281980;  1 drivers
S_0x5634c827b7b0 .scope module, "HA_1" "HA" 3 7, 4 1 0, S_0x5634c827b560;
 .timescale 0 0;
    .port_info 0 /OUTPUT 1 "s"
    .port_info 1 /OUTPUT 1 "c"
    .port_info 2 /INPUT 1 "x"
    .port_info 3 /INPUT 1 "y"
L_0x5634c8281400 .functor XOR 1, L_0x5634c8281850, L_0x5634c8281980, C4<0>, C4<0>;
L_0x5634c82814b0 .functor AND 1, L_0x5634c8281850, L_0x5634c8281980, C4<1>, C4<1>;
v0x5634c827ba20_0 .net "c", 0 0, L_0x5634c82814b0;  alias, 1 drivers
v0x5634c827bb00_0 .net "s", 0 0, L_0x5634c8281400;  alias, 1 drivers
v0x5634c827bbc0_0 .net "x", 0 0, L_0x5634c8281850;  alias, 1 drivers
v0x5634c827bc90_0 .net "y", 0 0, L_0x5634c8281980;  alias, 1 drivers
S_0x5634c827be00 .scope module, "HA_2" "HA" 3 8, 4 1 0, S_0x5634c827b560;
 .timescale 0 0;
    .port_info 0 /OUTPUT 1 "s"
    .port_info 1 /OUTPUT 1 "c"
    .port_info 2 /INPUT 1 "x"
    .port_info 3 /INPUT 1 "y"
L_0x5634c8281540 .functor XOR 1, L_0x5634c8280ff0, L_0x5634c8281400, C4<0>, C4<0>;
L_0x5634c8281680 .functor AND 1, L_0x5634c8280ff0, L_0x5634c8281400, C4<1>, C4<1>;
v0x5634c827c060_0 .net "c", 0 0, L_0x5634c8281680;  alias, 1 drivers
v0x5634c827c120_0 .net "s", 0 0, L_0x5634c8281540;  alias, 1 drivers
v0x5634c827c1e0_0 .net "x", 0 0, L_0x5634c8280ff0;  alias, 1 drivers
v0x5634c827c2e0_0 .net "y", 0 0, L_0x5634c8281400;  alias, 1 drivers
S_0x5634c827cac0 .scope module, "FA_7" "FA" 2 15, 3 2 0, S_0x5634c8257880;
 .timescale 0 0;
    .port_info 0 /OUTPUT 1 "s"
    .port_info 1 /OUTPUT 1 "Carry_out"
    .port_info 2 /INPUT 1 "x"
    .port_info 3 /INPUT 1 "y"
    .port_info 4 /INPUT 1 "Carry_in"
L_0x5634c8281e20 .functor OR 1, L_0x5634c8281b70, L_0x5634c8281d90, C4<0>, C4<0>;
v0x5634c827d960_0 .net "Carry_in", 0 0, L_0x5634c8281710;  alias, 1 drivers
v0x5634c827da70_0 .net "Carry_out", 0 0, L_0x5634c8281e20;  alias, 1 drivers
v0x5634c827db30_0 .net "c1", 0 0, L_0x5634c8281b70;  1 drivers
v0x5634c827dbd0_0 .net "c2", 0 0, L_0x5634c8281d90;  1 drivers
v0x5634c827dca0_0 .net "s", 0 0, L_0x5634c8281c00;  1 drivers
v0x5634c827dd90_0 .net "s1", 0 0, L_0x5634c8281390;  1 drivers
v0x5634c827de80_0 .net "x", 0 0, L_0x5634c8282010;  1 drivers
v0x5634c827df20_0 .net "y", 0 0, L_0x5634c82822e0;  1 drivers
S_0x5634c827cd10 .scope module, "HA_1" "HA" 3 7, 4 1 0, S_0x5634c827cac0;
 .timescale 0 0;
    .port_info 0 /OUTPUT 1 "s"
    .port_info 1 /OUTPUT 1 "c"
    .port_info 2 /INPUT 1 "x"
    .port_info 3 /INPUT 1 "y"
L_0x5634c8281390 .functor XOR 1, L_0x5634c8282010, L_0x5634c82822e0, C4<0>, C4<0>;
L_0x5634c8281b70 .functor AND 1, L_0x5634c8282010, L_0x5634c82822e0, C4<1>, C4<1>;
v0x5634c827cf80_0 .net "c", 0 0, L_0x5634c8281b70;  alias, 1 drivers
v0x5634c827d060_0 .net "s", 0 0, L_0x5634c8281390;  alias, 1 drivers
v0x5634c827d120_0 .net "x", 0 0, L_0x5634c8282010;  alias, 1 drivers
v0x5634c827d1f0_0 .net "y", 0 0, L_0x5634c82822e0;  alias, 1 drivers
S_0x5634c827d360 .scope module, "HA_2" "HA" 3 8, 4 1 0, S_0x5634c827cac0;
 .timescale 0 0;
    .port_info 0 /OUTPUT 1 "s"
    .port_info 1 /OUTPUT 1 "c"
    .port_info 2 /INPUT 1 "x"
    .port_info 3 /INPUT 1 "y"
L_0x5634c8281c00 .functor XOR 1, L_0x5634c8281710, L_0x5634c8281390, C4<0>, C4<0>;
L_0x5634c8281d90 .functor AND 1, L_0x5634c8281710, L_0x5634c8281390, C4<1>, C4<1>;
v0x5634c827d5c0_0 .net "c", 0 0, L_0x5634c8281d90;  alias, 1 drivers
v0x5634c827d680_0 .net "s", 0 0, L_0x5634c8281c00;  alias, 1 drivers
v0x5634c827d740_0 .net "x", 0 0, L_0x5634c8281710;  alias, 1 drivers
v0x5634c827d840_0 .net "y", 0 0, L_0x5634c8281390;  alias, 1 drivers
# The file index is used to find the file name in the following table.
:file_names 5;
    "N/A";
    "<interactive>";
    "RCA.v";
    "./FA.v";
    "./HA.v";
